<?xml version="1.0" encoding="UTF-8"?>
<testsuite name="com.example.scholarship.ScholarshipApplicationTests" tests="1" skipped="0" failures="1" errors="0" timestamp="2024-07-27T06:37:23" hostname="ANIKET" time="0.008">
  <properties/>
  <testcase name="contextLoads()" classname="com.example.scholarship.ScholarshipApplicationTests" time="0.008">
    <failure message="java.lang.IllegalStateException: Failed to load ApplicationContext" type="java.lang.IllegalStateException">java.lang.IllegalStateException: Failed to load ApplicationContext
	at org.springframework.test.context.cache.DefaultCacheAwareContextLoaderDelegate.loadContext(DefaultCacheAwareContextLoaderDelegate.java:132)
	at org.springframework.test.context.support.DefaultTestContext.getApplicationContext(DefaultTestContext.java:124)
	at org.springframework.test.context.web.ServletTestExecutionListener.setUpRequestContextIfNecessary(ServletTestExecutionListener.java:190)
	at org.springframework.test.context.web.ServletTestExecutionListener.prepareTestInstance(ServletTestExecutionListener.java:132)
	at org.springframework.test.context.TestContextManager.prepareTestInstance(TestContextManager.java:248)
	at org.springframework.test.context.junit.jupiter.SpringExtension.postProcessTestInstance(SpringExtension.java:138)
	at org.junit.jupiter.engine.descriptor.ClassBasedTestDescriptor.lambda$invokeTestInstancePostProcessors$8(ClassBasedTestDescriptor.java:363)
	at org.junit.jupiter.engine.descriptor.ClassBasedTestDescriptor.executeAndMaskThrowable(ClassBasedTestDescriptor.java:368)
	at org.junit.jupiter.engine.descriptor.ClassBasedTestDescriptor.lambda$invokeTestInstancePostProcessors$9(ClassBasedTestDescriptor.java:363)
	at java.base/java.util.stream.ReferencePipeline$3$1.accept(ReferencePipeline.java:212)
	at java.base/java.util.stream.ReferencePipeline$2$1.accept(ReferencePipeline.java:194)
	at java.base/java.util.ArrayList$ArrayListSpliterator.forEachRemaining(ArrayList.java:1709)
	at java.base/java.util.stream.AbstractPipeline.copyInto(AbstractPipeline.java:556)
	at java.base/java.util.stream.AbstractPipeline.wrapAndCopyInto(AbstractPipeline.java:546)
	at java.base/java.util.stream.StreamSpliterators$WrappingSpliterator.forEachRemaining(StreamSpliterators.java:310)
	at java.base/java.util.stream.Streams$ConcatSpliterator.forEachRemaining(Streams.java:735)
	at java.base/java.util.stream.Streams$ConcatSpliterator.forEachRemaining(Streams.java:734)
	at java.base/java.util.stream.ReferencePipeline$Head.forEach(ReferencePipeline.java:782)
	at org.junit.jupiter.engine.descriptor.ClassBasedTestDescriptor.invokeTestInstancePostProcessors(ClassBasedTestDescriptor.java:362)
	at org.junit.jupiter.engine.descriptor.ClassBasedTestDescriptor.lambda$instantiateAndPostProcessTestInstance$6(ClassBasedTestDescriptor.java:283)
	at org.junit.platform.engine.support.hierarchical.ThrowableCollector.execute(ThrowableCollector.java:73)
	at org.junit.jupiter.engine.descriptor.ClassBasedTestDescriptor.instantiateAndPostProcessTestInstance(ClassBasedTestDescriptor.java:282)
	at org.junit.jupiter.engine.descriptor.ClassBasedTestDescriptor.lambda$testInstancesProvider$4(ClassBasedTestDescriptor.java:272)
	at java.base/java.util.Optional.orElseGet(Optional.java:364)
	at org.junit.jupiter.engine.descriptor.ClassBasedTestDescriptor.lambda$testInstancesProvider$5(ClassBasedTestDescriptor.java:271)
	at org.junit.jupiter.engine.execution.TestInstancesProvider.getTestInstances(TestInstancesProvider.java:31)
	at org.junit.jupiter.engine.descriptor.TestMethodTestDescriptor.lambda$prepare$0(TestMethodTestDescriptor.java:102)
	at org.junit.platform.engine.support.hierarchical.ThrowableCollector.execute(ThrowableCollector.java:73)
	at org.junit.jupiter.engine.descriptor.TestMethodTestDescriptor.prepare(TestMethodTestDescriptor.java:101)
	at org.junit.jupiter.engine.descriptor.TestMethodTestDescriptor.prepare(TestMethodTestDescriptor.java:66)
	at org.junit.platform.engine.support.hierarchical.NodeTestTask.lambda$prepare$2(NodeTestTask.java:123)
	at org.junit.platform.engine.support.hierarchical.ThrowableCollector.execute(ThrowableCollector.java:73)
	at org.junit.platform.engine.support.hierarchical.NodeTestTask.prepare(NodeTestTask.java:123)
	at org.junit.platform.engine.support.hierarchical.NodeTestTask.execute(NodeTestTask.java:90)
	at java.base/java.util.ArrayList.forEach(ArrayList.java:1597)
	at org.junit.platform.engine.support.hierarchical.SameThreadHierarchicalTestExecutorService.invokeAll(SameThreadHierarchicalTestExecutorService.java:41)
	at org.junit.platform.engine.support.hierarchical.NodeTestTask.lambda$executeRecursively$6(NodeTestTask.java:155)
	at org.junit.platform.engine.support.hierarchical.ThrowableCollector.execute(ThrowableCollector.java:73)
	at org.junit.platform.engine.support.hierarchical.NodeTestTask.lambda$executeRecursively$8(NodeTestTask.java:141)
	at org.junit.platform.engine.support.hierarchical.Node.around(Node.java:137)
	at org.junit.platform.engine.support.hierarchical.NodeTestTask.lambda$executeRecursively$9(NodeTestTask.java:139)
	at org.junit.platform.engine.support.hierarchical.ThrowableCollector.execute(ThrowableCollector.java:73)
	at org.junit.platform.engine.support.hierarchical.NodeTestTask.executeRecursively(NodeTestTask.java:138)
	at org.junit.platform.engine.support.hierarchical.NodeTestTask.execute(NodeTestTask.java:95)
	at java.base/java.util.ArrayList.forEach(ArrayList.java:1597)
	at org.junit.platform.engine.support.hierarchical.SameThreadHierarchicalTestExecutorService.invokeAll(SameThreadHierarchicalTestExecutorService.java:41)
	at org.junit.platform.engine.support.hierarchical.NodeTestTask.lambda$executeRecursively$6(NodeTestTask.java:155)
	at org.junit.platform.engine.support.hierarchical.ThrowableCollector.execute(ThrowableCollector.java:73)
	at org.junit.platform.engine.support.hierarchical.NodeTestTask.lambda$executeRecursively$8(NodeTestTask.java:141)
	at org.junit.platform.engine.support.hierarchical.Node.around(Node.java:137)
	at org.junit.platform.engine.support.hierarchical.NodeTestTask.lambda$executeRecursively$9(NodeTestTask.java:139)
	at org.junit.platform.engine.support.hierarchical.ThrowableCollector.execute(ThrowableCollector.java:73)
	at org.junit.platform.engine.support.hierarchical.NodeTestTask.executeRecursively(NodeTestTask.java:138)
	at org.junit.platform.engine.support.hierarchical.NodeTestTask.execute(NodeTestTask.java:95)
	at org.junit.platform.engine.support.hierarchical.SameThreadHierarchicalTestExecutorService.submit(SameThreadHierarchicalTestExecutorService.java:35)
	at org.junit.platform.engine.support.hierarchical.HierarchicalTestExecutor.execute(HierarchicalTestExecutor.java:57)
	at org.junit.platform.engine.support.hierarchical.HierarchicalTestEngine.execute(HierarchicalTestEngine.java:54)
	at org.junit.platform.launcher.core.EngineExecutionOrchestrator.execute(EngineExecutionOrchestrator.java:107)
	at org.junit.platform.launcher.core.EngineExecutionOrchestrator.execute(EngineExecutionOrchestrator.java:88)
	at org.junit.platform.launcher.core.EngineExecutionOrchestrator.lambda$execute$0(EngineExecutionOrchestrator.java:54)
	at org.junit.platform.launcher.core.EngineExecutionOrchestrator.withInterceptedStreams(EngineExecutionOrchestrator.java:67)
	at org.junit.platform.launcher.core.EngineExecutionOrchestrator.execute(EngineExecutionOrchestrator.java:52)
	at org.junit.platform.launcher.core.DefaultLauncher.execute(DefaultLauncher.java:114)
	at org.junit.platform.launcher.core.DefaultLauncher.execute(DefaultLauncher.java:86)
	at org.junit.platform.launcher.core.DefaultLauncherSession$DelegatingLauncher.execute(DefaultLauncherSession.java:86)
	at org.gradle.api.internal.tasks.testing.junitplatform.JUnitPlatformTestClassProcessor$CollectAllTestClassesExecutor.processAllTestClasses(JUnitPlatformTestClassProcessor.java:118)
	at org.gradle.api.internal.tasks.testing.junitplatform.JUnitPlatformTestClassProcessor$CollectAllTestClassesExecutor.access$000(JUnitPlatformTestClassProcessor.java:93)
	at org.gradle.api.internal.tasks.testing.junitplatform.JUnitPlatformTestClassProcessor.stop(JUnitPlatformTestClassProcessor.java:88)
	at org.gradle.api.internal.tasks.testing.SuiteTestClassProcessor.stop(SuiteTestClassProcessor.java:62)
	at java.base/jdk.internal.reflect.DirectMethodHandleAccessor.invoke(DirectMethodHandleAccessor.java:103)
	at java.base/java.lang.reflect.Method.invoke(Method.java:580)
	at org.gradle.internal.dispatch.ReflectionDispatch.dispatch(ReflectionDispatch.java:36)
	at org.gradle.internal.dispatch.ReflectionDispatch.dispatch(ReflectionDispatch.java:24)
	at org.gradle.internal.dispatch.ContextClassLoaderDispatch.dispatch(ContextClassLoaderDispatch.java:33)
	at org.gradle.internal.dispatch.ProxyDispatchAdapter$DispatchingInvocationHandler.invoke(ProxyDispatchAdapter.java:94)
	at jdk.proxy1/jdk.proxy1.$Proxy2.stop(Unknown Source)
	at org.gradle.api.internal.tasks.testing.worker.TestWorker$3.run(TestWorker.java:193)
	at org.gradle.api.internal.tasks.testing.worker.TestWorker.executeAndMaintainThreadName(TestWorker.java:129)
	at org.gradle.api.internal.tasks.testing.worker.TestWorker.execute(TestWorker.java:100)
	at org.gradle.api.internal.tasks.testing.worker.TestWorker.execute(TestWorker.java:60)
	at org.gradle.process.internal.worker.child.ActionExecutionWorker.execute(ActionExecutionWorker.java:56)
	at org.gradle.process.internal.worker.child.SystemApplicationClassLoaderWorker.call(SystemApplicationClassLoaderWorker.java:113)
	at org.gradle.process.internal.worker.child.SystemApplicationClassLoaderWorker.call(SystemApplicationClassLoaderWorker.java:65)
	at worker.org.gradle.process.internal.worker.GradleWorkerMain.run(GradleWorkerMain.java:69)
	at worker.org.gradle.process.internal.worker.GradleWorkerMain.main(GradleWorkerMain.java:74)
Caused by: org.springframework.beans.factory.UnsatisfiedDependencyException: Error creating bean with name 'dataSourceScriptDatabaseInitializer' defined in class path resource [org/springframework/boot/autoconfigure/sql/init/DataSourceInitializationConfiguration.class]: Unsatisfied dependency expressed through method 'dataSourceScriptDatabaseInitializer' parameter 0; nested exception is org.springframework.beans.factory.BeanCreationException: Error creating bean with name 'dataSource' defined in class path resource [org/springframework/boot/autoconfigure/jdbc/DataSourceConfiguration$Hikari.class]: Bean instantiation via factory method failed; nested exception is org.springframework.beans.BeanInstantiationException: Failed to instantiate [com.zaxxer.hikari.HikariDataSource]: Factory method 'dataSource' threw exception; nested exception is org.springframework.boot.autoconfigure.jdbc.DataSourceProperties$DataSourceBeanCreationException: Failed to determine a suitable driver class
	at app//org.springframework.beans.factory.support.ConstructorResolver.createArgumentArray(ConstructorResolver.java:800)
	at app//org.springframework.beans.factory.support.ConstructorResolver.instantiateUsingFactoryMethod(ConstructorResolver.java:541)
	at app//org.springframework.beans.factory.support.AbstractAutowireCapableBeanFactory.instantiateUsingFactoryMethod(AbstractAutowireCapableBeanFactory.java:1352)
	at app//org.springframework.beans.factory.support.AbstractAutowireCapableBeanFactory.createBeanInstance(AbstractAutowireCapableBeanFactory.java:1195)
	at app//org.springframework.beans.factory.support.AbstractAutowireCapableBeanFactory.doCreateBean(AbstractAutowireCapableBeanFactory.java:582)
	at app//org.springframework.beans.factory.support.AbstractAutowireCapableBeanFactory.createBean(AbstractAutowireCapableBeanFactory.java:542)
	at app//org.springframework.beans.factory.support.AbstractBeanFactory.lambda$doGetBean$0(AbstractBeanFactory.java:335)
	at app//org.springframework.beans.factory.support.DefaultSingletonBeanRegistry.getSingleton(DefaultSingletonBeanRegistry.java:234)
	at app//org.springframework.beans.factory.support.AbstractBeanFactory.doGetBean(AbstractBeanFactory.java:333)
	at app//org.springframework.beans.factory.support.AbstractBeanFactory.getBean(AbstractBeanFactory.java:208)
	at app//org.springframework.beans.factory.support.AbstractBeanFactory.doGetBean(AbstractBeanFactory.java:322)
	at app//org.springframework.beans.factory.support.AbstractBeanFactory.getBean(AbstractBeanFactory.java:208)
	at app//org.springframework.context.support.AbstractApplicationContext.getBean(AbstractApplicationContext.java:1154)
	at app//org.springframework.context.support.AbstractApplicationContext.finishBeanFactoryInitialization(AbstractApplicationContext.java:908)
	at app//org.springframework.context.support.AbstractApplicationContext.refresh(AbstractApplicationContext.java:583)
	at app//org.springframework.boot.SpringApplication.refresh(SpringApplication.java:740)
	at app//org.springframework.boot.SpringApplication.refreshContext(SpringApplication.java:415)
	at app//org.springframework.boot.SpringApplication.run(SpringApplication.java:303)
	at app//org.springframework.boot.test.context.SpringBootContextLoader.loadContext(SpringBootContextLoader.java:144)
	at app//org.springframework.test.context.cache.DefaultCacheAwareContextLoaderDelegate.loadContextInternal(DefaultCacheAwareContextLoaderDelegate.java:99)
	at app//org.springframework.test.context.cache.DefaultCacheAwareContextLoaderDelegate.loadContext(DefaultCacheAwareContextLoaderDelegate.java:124)
	... 84 more
Caused by: org.springframework.beans.factory.BeanCreationException: Error creating bean with name 'dataSource' defined in class path resource [org/springframework/boot/autoconfigure/jdbc/DataSourceConfiguration$Hikari.class]: Bean instantiation via factory method failed; nested exception is org.springframework.beans.BeanInstantiationException: Failed to instantiate [com.zaxxer.hikari.HikariDataSource]: Factory method 'dataSource' threw exception; nested exception is org.springframework.boot.autoconfigure.jdbc.DataSourceProperties$DataSourceBeanCreationException: Failed to determine a suitable driver class
	at app//org.springframework.beans.factory.support.ConstructorResolver.instantiate(ConstructorResolver.java:658)
	at app//org.springframework.beans.factory.support.ConstructorResolver.instantiateUsingFactoryMethod(ConstructorResolver.java:638)
	at app//org.springframework.beans.factory.support.AbstractAutowireCapableBeanFactory.instantiateUsingFactoryMethod(AbstractAutowireCapableBeanFactory.java:1352)
	at app//org.springframework.beans.factory.support.AbstractAutowireCapableBeanFactory.createBeanInstance(AbstractAutowireCapableBeanFactory.java:1195)
	at app//org.springframework.beans.factory.support.AbstractAutowireCapableBeanFactory.doCreateBean(AbstractAutowireCapableBeanFactory.java:582)
	at app//org.springframework.beans.factory.support.AbstractAutowireCapableBeanFactory.createBean(AbstractAutowireCapableBeanFactory.java:542)
	at app//org.springframework.beans.factory.support.AbstractBeanFactory.lambda$doGetBean$0(AbstractBeanFactory.java:335)
	at app//org.springframework.beans.factory.support.DefaultSingletonBeanRegistry.getSingleton(DefaultSingletonBeanRegistry.java:234)
	at app//org.springframework.beans.factory.support.AbstractBeanFactory.doGetBean(AbstractBeanFactory.java:333)
	at app//org.springframework.beans.factory.support.AbstractBeanFactory.getBean(AbstractBeanFactory.java:208)
	at app//org.springframework.beans.factory.config.DependencyDescriptor.resolveCandidate(DependencyDescriptor.java:276)
	at app//org.springframework.beans.factory.support.DefaultListableBeanFactory.doResolveDependency(DefaultListableBeanFactory.java:1389)
	at app//org.springframework.beans.factory.support.DefaultListableBeanFactory.resolveDependency(DefaultListableBeanFactory.java:1309)
	at app//org.springframework.beans.factory.support.ConstructorResolver.resolveAutowiredArgument(ConstructorResolver.java:887)
	at app//org.springframework.beans.factory.support.ConstructorResolver.createArgumentArray(ConstructorResolver.java:791)
	... 104 more
Caused by: org.springframework.beans.BeanInstantiationException: Failed to instantiate [com.zaxxer.hikari.HikariDataSource]: Factory method 'dataSource' threw exception; nested exception is org.springframework.boot.autoconfigure.jdbc.DataSourceProperties$DataSourceBeanCreationException: Failed to determine a suitable driver class
	at app//org.springframework.beans.factory.support.SimpleInstantiationStrategy.instantiate(SimpleInstantiationStrategy.java:185)
	at app//org.springframework.beans.factory.support.ConstructorResolver.instantiate(ConstructorResolver.java:653)
	... 118 more
Caused by: org.springframework.boot.autoconfigure.jdbc.DataSourceProperties$DataSourceBeanCreationException: Failed to determine a suitable driver class
	at app//org.springframework.boot.autoconfigure.jdbc.DataSourceProperties.determineDriverClassName(DataSourceProperties.java:252)
	at app//org.springframework.boot.autoconfigure.jdbc.DataSourceProperties.initializeDataSourceBuilder(DataSourceProperties.java:193)
	at app//org.springframework.boot.autoconfigure.jdbc.DataSourceConfiguration.createDataSource(DataSourceConfiguration.java:48)
	at app//org.springframework.boot.autoconfigure.jdbc.DataSourceConfiguration$Hikari.dataSource(DataSourceConfiguration.java:90)
	at java.base@22.0.2/jdk.internal.reflect.DirectMethodHandleAccessor.invoke(DirectMethodHandleAccessor.java:103)
	at java.base@22.0.2/java.lang.reflect.Method.invoke(Method.java:580)
	at app//org.springframework.beans.factory.support.SimpleInstantiationStrategy.instantiate(SimpleInstantiationStrategy.java:154)
	... 119 more
</failure>
  </testcase>
  <system-out><![CDATA[12:07:20.364 [Test worker] DEBUG org.springframework.test.context.BootstrapUtils - Instantiating CacheAwareContextLoaderDelegate from class [org.springframework.test.context.cache.DefaultCacheAwareContextLoaderDelegate]
12:07:20.381 [Test worker] DEBUG org.springframework.test.context.BootstrapUtils - Instantiating BootstrapContext using constructor [public org.springframework.test.context.support.DefaultBootstrapContext(java.lang.Class,org.springframework.test.context.CacheAwareContextLoaderDelegate)]
12:07:20.432 [Test worker] DEBUG org.springframework.test.context.BootstrapUtils - Instantiating TestContextBootstrapper for test class [com.example.scholarship.ScholarshipApplicationTests] from class [org.springframework.boot.test.context.SpringBootTestContextBootstrapper]
12:07:20.451 [Test worker] INFO org.springframework.boot.test.context.SpringBootTestContextBootstrapper - Neither @ContextConfiguration nor @ContextHierarchy found for test class [com.example.scholarship.ScholarshipApplicationTests], using SpringBootContextLoader
12:07:20.456 [Test worker] DEBUG org.springframework.test.context.support.AbstractContextLoader - Did not detect default resource location for test class [com.example.scholarship.ScholarshipApplicationTests]: class path resource [com/example/scholarship/ScholarshipApplicationTests-context.xml] does not exist
12:07:20.456 [Test worker] DEBUG org.springframework.test.context.support.AbstractContextLoader - Did not detect default resource location for test class [com.example.scholarship.ScholarshipApplicationTests]: class path resource [com/example/scholarship/ScholarshipApplicationTestsContext.groovy] does not exist
12:07:20.457 [Test worker] INFO org.springframework.test.context.support.AbstractContextLoader - Could not detect default resource locations for test class [com.example.scholarship.ScholarshipApplicationTests]: no resource found for suffixes {-context.xml, Context.groovy}.
12:07:20.457 [Test worker] INFO org.springframework.test.context.support.AnnotationConfigContextLoaderUtils - Could not detect default configuration classes for test class [com.example.scholarship.ScholarshipApplicationTests]: ScholarshipApplicationTests does not declare any static, non-private, non-final, nested classes annotated with @Configuration.
12:07:20.518 [Test worker] DEBUG org.springframework.test.context.support.ActiveProfilesUtils - Could not find an 'annotation declaring class' for annotation type [org.springframework.test.context.ActiveProfiles] and class [com.example.scholarship.ScholarshipApplicationTests]
12:07:20.603 [Test worker] DEBUG org.springframework.context.annotation.ClassPathScanningCandidateComponentProvider - Identified candidate component class: file [C:\Users\anike\Desktop\Aniket Singh\scholarship\build\classes\java\main\com\example\scholarship\ScholarshipApplication.class]
12:07:20.604 [Test worker] INFO org.springframework.boot.test.context.SpringBootTestContextBootstrapper - Found @SpringBootConfiguration com.example.scholarship.ScholarshipApplication for test class com.example.scholarship.ScholarshipApplicationTests
12:07:20.758 [Test worker] DEBUG org.springframework.boot.test.context.SpringBootTestContextBootstrapper - @TestExecutionListeners is not present for class [com.example.scholarship.ScholarshipApplicationTests]: using defaults.
12:07:20.759 [Test worker] INFO org.springframework.boot.test.context.SpringBootTestContextBootstrapper - Loaded default TestExecutionListener class names from location [META-INF/spring.factories]: [org.springframework.boot.test.autoconfigure.restdocs.RestDocsTestExecutionListener, org.springframework.boot.test.autoconfigure.web.client.MockRestServiceServerResetTestExecutionListener, org.springframework.boot.test.autoconfigure.web.servlet.MockMvcPrintOnlyOnFailureTestExecutionListener, org.springframework.boot.test.autoconfigure.web.servlet.WebDriverTestExecutionListener, org.springframework.boot.test.autoconfigure.webservices.client.MockWebServiceServerTestExecutionListener, org.springframework.boot.test.mock.mockito.MockitoTestExecutionListener, org.springframework.boot.test.mock.mockito.ResetMocksTestExecutionListener, org.springframework.test.context.web.ServletTestExecutionListener, org.springframework.test.context.support.DirtiesContextBeforeModesTestExecutionListener, org.springframework.test.context.event.ApplicationEventsTestExecutionListener, org.springframework.test.context.support.DependencyInjectionTestExecutionListener, org.springframework.test.context.support.DirtiesContextTestExecutionListener, org.springframework.test.context.transaction.TransactionalTestExecutionListener, org.springframework.test.context.jdbc.SqlScriptsTestExecutionListener, org.springframework.test.context.event.EventPublishingTestExecutionListener]
12:07:20.794 [Test worker] INFO org.springframework.boot.test.context.SpringBootTestContextBootstrapper - Using TestExecutionListeners: [org.springframework.test.context.web.ServletTestExecutionListener@5ac86ba5, org.springframework.test.context.support.DirtiesContextBeforeModesTestExecutionListener@6c67e137, org.springframework.test.context.event.ApplicationEventsTestExecutionListener@2c9399a4, org.springframework.boot.test.mock.mockito.MockitoTestExecutionListener@191ae03f, org.springframework.boot.test.autoconfigure.SpringBootDependencyInjectionTestExecutionListener@9635fa, org.springframework.test.context.support.DirtiesContextTestExecutionListener@53ab0286, org.springframework.test.context.transaction.TransactionalTestExecutionListener@63c5efee, org.springframework.test.context.jdbc.SqlScriptsTestExecutionListener@2d10e0b1, org.springframework.test.context.event.EventPublishingTestExecutionListener@1c98290c, org.springframework.boot.test.autoconfigure.restdocs.RestDocsTestExecutionListener@172ca72b, org.springframework.boot.test.autoconfigure.web.client.MockRestServiceServerResetTestExecutionListener@5bda80bf, org.springframework.boot.test.autoconfigure.web.servlet.MockMvcPrintOnlyOnFailureTestExecutionListener@71e5f61d, org.springframework.boot.test.autoconfigure.web.servlet.WebDriverTestExecutionListener@2ce86164, org.springframework.boot.test.autoconfigure.webservices.client.MockWebServiceServerTestExecutionListener@5e8f9e2d, org.springframework.boot.test.mock.mockito.ResetMocksTestExecutionListener@51df223b]
12:07:20.799 [Test worker] DEBUG org.springframework.test.context.support.AbstractDirtiesContextTestExecutionListener - Before test class: context [DefaultTestContext@33352f32 testClass = ScholarshipApplicationTests, testInstance = [null], testMethod = [null], testException = [null], mergedContextConfiguration = [WebMergedContextConfiguration@5f3b9c57 testClass = ScholarshipApplicationTests, locations = '{}', classes = '{class com.example.scholarship.ScholarshipApplication}', contextInitializerClasses = '[]', activeProfiles = '{}', propertySourceLocations = '{}', propertySourceProperties = '{org.springframework.boot.test.context.SpringBootTestContextBootstrapper=true}', contextCustomizers = set[org.springframework.boot.test.autoconfigure.actuate.metrics.MetricsExportContextCustomizerFactory$DisableMetricExportContextCustomizer@e19bb76, org.springframework.boot.test.autoconfigure.properties.PropertyMappingContextCustomizer@0, org.springframework.boot.test.autoconfigure.web.servlet.WebDriverContextCustomizerFactory$Customizer@79c7532f, org.springframework.boot.test.context.filter.ExcludeFilterContextCustomizer@e8df99a, org.springframework.boot.test.json.DuplicateJsonObjectContextCustomizerFactory$DuplicateJsonObjectContextCustomizer@517566b, org.springframework.boot.test.mock.mockito.MockitoContextCustomizer@0, org.springframework.boot.test.web.client.TestRestTemplateContextCustomizer@12c7a01b, org.springframework.boot.test.context.SpringBootTestArgs@1, org.springframework.boot.test.context.SpringBootTestWebEnvironment@a530d0a], resourceBasePath = 'src/main/webapp', contextLoader = 'org.springframework.boot.test.context.SpringBootContextLoader', parent = [null]], attributes = map['org.springframework.test.context.web.ServletTestExecutionListener.activateListener' -> true]], class annotated with @DirtiesContext [false] with mode [null].

  .   ____          _            __ _ _
 /\\ / ___'_ __ _ _(_)_ __  __ _ \ \ \ \
( ( )\___ | '_ | '_| | '_ \/ _` | \ \ \ \
 \\/  ___)| |_)| | | | | || (_| |  ) ) ) )
  '  |____| .__|_| |_|_| |_\__, | / / / /
 =========|_|==============|___/=/_/_/_/
 :: Spring Boot ::                (v2.6.7)

2024-07-27 12:07:21.433  INFO 5516 --- [    Test worker] c.e.s.ScholarshipApplicationTests        : Starting ScholarshipApplicationTests using Java 22.0.2 on Aniket with PID 5516 (started by anike in C:\Users\anike\Desktop\Aniket Singh\scholarship)
2024-07-27 12:07:21.435  INFO 5516 --- [    Test worker] c.e.s.ScholarshipApplicationTests        : No active profile set, falling back to 1 default profile: "default"
2024-07-27 12:07:21.435 DEBUG 5516 --- [    Test worker] o.s.boot.SpringApplication               : Loading source class com.example.scholarship.ScholarshipApplication
2024-07-27 12:07:21.487 DEBUG 5516 --- [    Test worker] o.s.w.c.s.GenericWebApplicationContext   : Refreshing org.springframework.web.context.support.GenericWebApplicationContext@4d847d32
2024-07-27 12:07:21.518 DEBUG 5516 --- [    Test worker] o.s.b.f.s.DefaultListableBeanFactory     : Creating shared instance of singleton bean 'org.springframework.context.annotation.internalConfigurationAnnotationProcessor'
2024-07-27 12:07:21.549 DEBUG 5516 --- [    Test worker] o.s.b.f.s.DefaultListableBeanFactory     : Creating shared instance of singleton bean 'org.springframework.boot.autoconfigure.internalCachingMetadataReaderFactory'
2024-07-27 12:07:21.620 DEBUG 5516 --- [    Test worker] o.s.c.a.ClassPathBeanDefinitionScanner   : Identified candidate component class: file [C:\Users\anike\Desktop\Aniket Singh\scholarship\build\classes\java\main\com\example\scholarship\config\SwaggerConfig.class]
2024-07-27 12:07:21.646 DEBUG 5516 --- [    Test worker] o.s.c.a.ClassPathBeanDefinitionScanner   : Identified candidate component class: file [C:\Users\anike\Desktop\Aniket Singh\scholarship\build\classes\java\main\com\example\scholarship\controller\StudentController.class]
2024-07-27 12:07:21.650 DEBUG 5516 --- [    Test worker] o.s.c.a.ClassPathBeanDefinitionScanner   : Ignored because not a concrete top-level class: file [C:\Users\anike\Desktop\Aniket Singh\scholarship\build\classes\java\main\com\example\scholarship\repository\StudentRepository.class]
2024-07-27 12:07:21.651 DEBUG 5516 --- [    Test worker] o.s.c.a.ClassPathBeanDefinitionScanner   : Identified candidate component class: file [C:\Users\anike\Desktop\Aniket Singh\scholarship\build\classes\java\main\com\example\scholarship\service\StudentService.class]
2024-07-27 12:07:21.672 DEBUG 5516 --- [    Test worker] o.s.c.a.ClassPathBeanDefinitionScanner   : Identified candidate component class: URL [jar:file:/C:/Users/anike/.gradle/caches/modules-2/files-2.1/io.springfox/springfox-swagger2/3.0.0/7bcb18d496576eff76ef7bb72684e149cbb75c1d/springfox-swagger2-3.0.0.jar!/springfox/documentation/swagger2/mappers/ServiceModelToSwagger2MapperImpl.class]
2024-07-27 12:07:21.673 DEBUG 5516 --- [    Test worker] o.s.c.a.ClassPathBeanDefinitionScanner   : Identified candidate component class: URL [jar:file:/C:/Users/anike/.gradle/caches/modules-2/files-2.1/io.springfox/springfox-swagger2/3.0.0/7bcb18d496576eff76ef7bb72684e149cbb75c1d/springfox-swagger2-3.0.0.jar!/springfox/documentation/swagger2/mappers/VendorExtensionsMapperImpl.class]
2024-07-27 12:07:21.676 DEBUG 5516 --- [    Test worker] o.s.c.a.ClassPathBeanDefinitionScanner   : Identified candidate component class: URL [jar:file:/C:/Users/anike/.gradle/caches/modules-2/files-2.1/io.springfox/springfox-swagger2/3.0.0/7bcb18d496576eff76ef7bb72684e149cbb75c1d/springfox-swagger2-3.0.0.jar!/springfox/documentation/swagger2/mappers/PropertyMapperImpl.class]
2024-07-27 12:07:21.679 DEBUG 5516 --- [    Test worker] o.s.c.a.ClassPathBeanDefinitionScanner   : Identified candidate component class: URL [jar:file:/C:/Users/anike/.gradle/caches/modules-2/files-2.1/io.springfox/springfox-swagger2/3.0.0/7bcb18d496576eff76ef7bb72684e149cbb75c1d/springfox-swagger2-3.0.0.jar!/springfox/documentation/swagger2/mappers/CompatibilityModelMapperImpl.class]
2024-07-27 12:07:21.682 DEBUG 5516 --- [    Test worker] o.s.c.a.ClassPathBeanDefinitionScanner   : Identified candidate component class: URL [jar:file:/C:/Users/anike/.gradle/caches/modules-2/files-2.1/io.springfox/springfox-swagger2/3.0.0/7bcb18d496576eff76ef7bb72684e149cbb75c1d/springfox-swagger2-3.0.0.jar!/springfox/documentation/swagger2/mappers/ParameterMapperImpl.class]
2024-07-27 12:07:21.687 DEBUG 5516 --- [    Test worker] o.s.c.a.ClassPathBeanDefinitionScanner   : Identified candidate component class: URL [jar:file:/C:/Users/anike/.gradle/caches/modules-2/files-2.1/io.springfox/springfox-swagger2/3.0.0/7bcb18d496576eff76ef7bb72684e149cbb75c1d/springfox-swagger2-3.0.0.jar!/springfox/documentation/swagger2/mappers/ModelMapperImpl.class]
2024-07-27 12:07:21.687 DEBUG 5516 --- [    Test worker] o.s.c.a.ClassPathBeanDefinitionScanner   : Identified candidate component class: URL [jar:file:/C:/Users/anike/.gradle/caches/modules-2/files-2.1/io.springfox/springfox-swagger2/3.0.0/7bcb18d496576eff76ef7bb72684e149cbb75c1d/springfox-swagger2-3.0.0.jar!/springfox/documentation/swagger2/mappers/RequestParameterMapperImpl.class]
2024-07-27 12:07:21.689 DEBUG 5516 --- [    Test worker] o.s.c.a.ClassPathBeanDefinitionScanner   : Identified candidate component class: URL [jar:file:/C:/Users/anike/.gradle/caches/modules-2/files-2.1/io.springfox/springfox-swagger2/3.0.0/7bcb18d496576eff76ef7bb72684e149cbb75c1d/springfox-swagger2-3.0.0.jar!/springfox/documentation/swagger2/mappers/ModelSpecificationMapperImpl.class]
2024-07-27 12:07:21.690 DEBUG 5516 --- [    Test worker] o.s.c.a.ClassPathBeanDefinitionScanner   : Identified candidate component class: URL [jar:file:/C:/Users/anike/.gradle/caches/modules-2/files-2.1/io.springfox/springfox-swagger2/3.0.0/7bcb18d496576eff76ef7bb72684e149cbb75c1d/springfox-swagger2-3.0.0.jar!/springfox/documentation/swagger2/mappers/LicenseMapperImpl.class]
2024-07-27 12:07:21.693 DEBUG 5516 --- [    Test worker] o.s.c.a.ClassPathBeanDefinitionScanner   : Identified candidate component class: URL [jar:file:/C:/Users/anike/.gradle/caches/modules-2/files-2.1/io.springfox/springfox-swagger2/3.0.0/7bcb18d496576eff76ef7bb72684e149cbb75c1d/springfox-swagger2-3.0.0.jar!/springfox/documentation/swagger2/mappers/SecurityMapperImpl.class]
2024-07-27 12:07:21.721 DEBUG 5516 --- [    Test worker] o.s.c.a.ClassPathBeanDefinitionScanner   : Identified candidate component class: URL [jar:file:/C:/Users/anike/.gradle/caches/modules-2/files-2.1/io.springfox/springfox-swagger2/3.0.0/7bcb18d496576eff76ef7bb72684e149cbb75c1d/springfox-swagger2-3.0.0.jar!/springfox/documentation/swagger2/web/Swagger2ControllerWebMvc.class]
2024-07-27 12:07:21.780 DEBUG 5516 --- [    Test worker] o.s.c.a.ClassPathBeanDefinitionScanner   : Identified candidate component class: URL [jar:file:/C:/Users/anike/.gradle/caches/modules-2/files-2.1/io.springfox/springfox-swagger-common/3.0.0/2e2fae840984cfcabfd50e1b4b1c23422135ba12/springfox-swagger-common-3.0.0.jar!/springfox/documentation/swagger/schema/OpenApiSchemaPropertyBuilder.class]
2024-07-27 12:07:21.782 DEBUG 5516 --- [    Test worker] o.s.c.a.ClassPathBeanDefinitionScanner   : Identified candidate component class: URL [jar:file:/C:/Users/anike/.gradle/caches/modules-2/files-2.1/io.springfox/springfox-swagger-common/3.0.0/2e2fae840984cfcabfd50e1b4b1c23422135ba12/springfox-swagger-common-3.0.0.jar!/springfox/documentation/swagger/schema/ApiModelPropertyPropertyBuilder.class]
2024-07-27 12:07:21.783 DEBUG 5516 --- [    Test worker] o.s.c.a.ClassPathBeanDefinitionScanner   : Identified candidate component class: URL [jar:file:/C:/Users/anike/.gradle/caches/modules-2/files-2.1/io.springfox/springfox-swagger-common/3.0.0/2e2fae840984cfcabfd50e1b4b1c23422135ba12/springfox-swagger-common-3.0.0.jar!/springfox/documentation/swagger/schema/ApiModelTypeNameProvider.class]
2024-07-27 12:07:21.785 DEBUG 5516 --- [    Test worker] o.s.c.a.ClassPathBeanDefinitionScanner   : Identified candidate component class: URL [jar:file:/C:/Users/anike/.gradle/caches/modules-2/files-2.1/io.springfox/springfox-swagger-common/3.0.0/2e2fae840984cfcabfd50e1b4b1c23422135ba12/springfox-swagger-common-3.0.0.jar!/springfox/documentation/swagger/schema/ApiModelBuilder.class]
2024-07-27 12:07:21.790 DEBUG 5516 --- [    Test worker] o.s.c.a.ClassPathBeanDefinitionScanner   : Identified candidate component class: URL [jar:file:/C:/Users/anike/.gradle/caches/modules-2/files-2.1/io.springfox/springfox-swagger-common/3.0.0/2e2fae840984cfcabfd50e1b4b1c23422135ba12/springfox-swagger-common-3.0.0.jar!/springfox/documentation/swagger/readers/operation/OperationImplicitParameterReader.class]
2024-07-27 12:07:21.791 DEBUG 5516 --- [    Test worker] o.s.c.a.ClassPathBeanDefinitionScanner   : Identified candidate component class: URL [jar:file:/C:/Users/anike/.gradle/caches/modules-2/files-2.1/io.springfox/springfox-swagger-common/3.0.0/2e2fae840984cfcabfd50e1b4b1c23422135ba12/springfox-swagger-common-3.0.0.jar!/springfox/documentation/swagger/readers/operation/VendorExtensionsReader.class]
2024-07-27 12:07:21.792 DEBUG 5516 --- [    Test worker] o.s.c.a.ClassPathBeanDefinitionScanner   : Identified candidate component class: URL [jar:file:/C:/Users/anike/.gradle/caches/modules-2/files-2.1/io.springfox/springfox-swagger-common/3.0.0/2e2fae840984cfcabfd50e1b4b1c23422135ba12/springfox-swagger-common-3.0.0.jar!/springfox/documentation/swagger/readers/operation/SwaggerOperationResponseClassReader.class]
2024-07-27 12:07:21.793 DEBUG 5516 --- [    Test worker] o.s.c.a.ClassPathBeanDefinitionScanner   : Identified candidate component class: URL [jar:file:/C:/Users/anike/.gradle/caches/modules-2/files-2.1/io.springfox/springfox-swagger-common/3.0.0/2e2fae840984cfcabfd50e1b4b1c23422135ba12/springfox-swagger-common-3.0.0.jar!/springfox/documentation/swagger/readers/operation/SwaggerOperationModelsProvider.class]
2024-07-27 12:07:21.794 DEBUG 5516 --- [    Test worker] o.s.c.a.ClassPathBeanDefinitionScanner   : Identified candidate component class: URL [jar:file:/C:/Users/anike/.gradle/caches/modules-2/files-2.1/io.springfox/springfox-swagger-common/3.0.0/2e2fae840984cfcabfd50e1b4b1c23422135ba12/springfox-swagger-common-3.0.0.jar!/springfox/documentation/swagger/readers/operation/OpenApiOperationAuthReader.class]
2024-07-27 12:07:21.795 DEBUG 5516 --- [    Test worker] o.s.c.a.ClassPathBeanDefinitionScanner   : Identified candidate component class: URL [jar:file:/C:/Users/anike/.gradle/caches/modules-2/files-2.1/io.springfox/springfox-swagger-common/3.0.0/2e2fae840984cfcabfd50e1b4b1c23422135ba12/springfox-swagger-common-3.0.0.jar!/springfox/documentation/swagger/readers/operation/SwaggerMediaTypeReader.class]
2024-07-27 12:07:21.797 DEBUG 5516 --- [    Test worker] o.s.c.a.ClassPathBeanDefinitionScanner   : Identified candidate component class: URL [jar:file:/C:/Users/anike/.gradle/caches/modules-2/files-2.1/io.springfox/springfox-swagger-common/3.0.0/2e2fae840984cfcabfd50e1b4b1c23422135ba12/springfox-swagger-common-3.0.0.jar!/springfox/documentation/swagger/readers/operation/OperationHttpMethodReader.class]
2024-07-27 12:07:21.798 DEBUG 5516 --- [    Test worker] o.s.c.a.ClassPathBeanDefinitionScanner   : Identified candidate component class: URL [jar:file:/C:/Users/anike/.gradle/caches/modules-2/files-2.1/io.springfox/springfox-swagger-common/3.0.0/2e2fae840984cfcabfd50e1b4b1c23422135ba12/springfox-swagger-common-3.0.0.jar!/springfox/documentation/swagger/readers/operation/OperationImplicitParametersReader.class]
2024-07-27 12:07:21.799 DEBUG 5516 --- [    Test worker] o.s.c.a.ClassPathBeanDefinitionScanner   : Identified candidate component class: URL [jar:file:/C:/Users/anike/.gradle/caches/modules-2/files-2.1/io.springfox/springfox-swagger-common/3.0.0/2e2fae840984cfcabfd50e1b4b1c23422135ba12/springfox-swagger-common-3.0.0.jar!/springfox/documentation/swagger/readers/operation/OperationAuthReader.class]
2024-07-27 12:07:21.799 DEBUG 5516 --- [    Test worker] o.s.c.a.ClassPathBeanDefinitionScanner   : Identified candidate component class: URL [jar:file:/C:/Users/anike/.gradle/caches/modules-2/files-2.1/io.springfox/springfox-swagger-common/3.0.0/2e2fae840984cfcabfd50e1b4b1c23422135ba12/springfox-swagger-common-3.0.0.jar!/springfox/documentation/swagger/readers/operation/OperationHiddenReader.class]
2024-07-27 12:07:21.800 DEBUG 5516 --- [    Test worker] o.s.c.a.ClassPathBeanDefinitionScanner   : Identified candidate component class: URL [jar:file:/C:/Users/anike/.gradle/caches/modules-2/files-2.1/io.springfox/springfox-swagger-common/3.0.0/2e2fae840984cfcabfd50e1b4b1c23422135ba12/springfox-swagger-common-3.0.0.jar!/springfox/documentation/swagger/readers/operation/OperationSummaryReader.class]
2024-07-27 12:07:21.801 DEBUG 5516 --- [    Test worker] o.s.c.a.ClassPathBeanDefinitionScanner   : Identified candidate component class: URL [jar:file:/C:/Users/anike/.gradle/caches/modules-2/files-2.1/io.springfox/springfox-swagger-common/3.0.0/2e2fae840984cfcabfd50e1b4b1c23422135ba12/springfox-swagger-common-3.0.0.jar!/springfox/documentation/swagger/readers/operation/OpenApiOperationTagsReader.class]
2024-07-27 12:07:21.802 DEBUG 5516 --- [    Test worker] o.s.c.a.ClassPathBeanDefinitionScanner   : Identified candidate component class: URL [jar:file:/C:/Users/anike/.gradle/caches/modules-2/files-2.1/io.springfox/springfox-swagger-common/3.0.0/2e2fae840984cfcabfd50e1b4b1c23422135ba12/springfox-swagger-common-3.0.0.jar!/springfox/documentation/swagger/readers/operation/SwaggerResponseMessageReader.class]
2024-07-27 12:07:21.803 DEBUG 5516 --- [    Test worker] o.s.c.a.ClassPathBeanDefinitionScanner   : Identified candidate component class: URL [jar:file:/C:/Users/anike/.gradle/caches/modules-2/files-2.1/io.springfox/springfox-swagger-common/3.0.0/2e2fae840984cfcabfd50e1b4b1c23422135ba12/springfox-swagger-common-3.0.0.jar!/springfox/documentation/swagger/readers/operation/OperationNicknameIntoUniqueIdReader.class]
2024-07-27 12:07:21.804 DEBUG 5516 --- [    Test worker] o.s.c.a.ClassPathBeanDefinitionScanner   : Identified candidate component class: URL [jar:file:/C:/Users/anike/.gradle/caches/modules-2/files-2.1/io.springfox/springfox-swagger-common/3.0.0/2e2fae840984cfcabfd50e1b4b1c23422135ba12/springfox-swagger-common-3.0.0.jar!/springfox/documentation/swagger/readers/operation/OperationPositionReader.class]
2024-07-27 12:07:21.805 DEBUG 5516 --- [    Test worker] o.s.c.a.ClassPathBeanDefinitionScanner   : Identified candidate component class: URL [jar:file:/C:/Users/anike/.gradle/caches/modules-2/files-2.1/io.springfox/springfox-swagger-common/3.0.0/2e2fae840984cfcabfd50e1b4b1c23422135ba12/springfox-swagger-common-3.0.0.jar!/springfox/documentation/swagger/readers/operation/OpenApiResponseReader.class]
2024-07-27 12:07:21.807 DEBUG 5516 --- [    Test worker] o.s.c.a.ClassPathBeanDefinitionScanner   : Identified candidate component class: URL [jar:file:/C:/Users/anike/.gradle/caches/modules-2/files-2.1/io.springfox/springfox-swagger-common/3.0.0/2e2fae840984cfcabfd50e1b4b1c23422135ba12/springfox-swagger-common-3.0.0.jar!/springfox/documentation/swagger/readers/operation/OperationNotesReader.class]
2024-07-27 12:07:21.808 DEBUG 5516 --- [    Test worker] o.s.c.a.ClassPathBeanDefinitionScanner   : Identified candidate component class: URL [jar:file:/C:/Users/anike/.gradle/caches/modules-2/files-2.1/io.springfox/springfox-swagger-common/3.0.0/2e2fae840984cfcabfd50e1b4b1c23422135ba12/springfox-swagger-common-3.0.0.jar!/springfox/documentation/swagger/readers/operation/SwaggerOperationTagsReader.class]
2024-07-27 12:07:21.810 DEBUG 5516 --- [    Test worker] o.s.c.a.ClassPathBeanDefinitionScanner   : Identified candidate component class: URL [jar:file:/C:/Users/anike/.gradle/caches/modules-2/files-2.1/io.springfox/springfox-swagger-common/3.0.0/2e2fae840984cfcabfd50e1b4b1c23422135ba12/springfox-swagger-common-3.0.0.jar!/springfox/documentation/swagger/readers/parameter/ApiParamParameterBuilder.class]
2024-07-27 12:07:21.810 DEBUG 5516 --- [    Test worker] o.s.c.a.ClassPathBeanDefinitionScanner   : Identified candidate component class: URL [jar:file:/C:/Users/anike/.gradle/caches/modules-2/files-2.1/io.springfox/springfox-swagger-common/3.0.0/2e2fae840984cfcabfd50e1b4b1c23422135ba12/springfox-swagger-common-3.0.0.jar!/springfox/documentation/swagger/readers/parameter/SwaggerExpandedParameterBuilder.class]
2024-07-27 12:07:21.812 DEBUG 5516 --- [    Test worker] o.s.c.a.ClassPathBeanDefinitionScanner   : Identified candidate component class: URL [jar:file:/C:/Users/anike/.gradle/caches/modules-2/files-2.1/io.springfox/springfox-swagger-common/3.0.0/2e2fae840984cfcabfd50e1b4b1c23422135ba12/springfox-swagger-common-3.0.0.jar!/springfox/documentation/swagger/readers/parameter/OpenApiParameterBuilder.class]
2024-07-27 12:07:21.824 DEBUG 5516 --- [    Test worker] o.s.c.a.ClassPathBeanDefinitionScanner   : Identified candidate component class: URL [jar:file:/C:/Users/anike/.gradle/caches/modules-2/files-2.1/io.springfox/springfox-swagger-common/3.0.0/2e2fae840984cfcabfd50e1b4b1c23422135ba12/springfox-swagger-common-3.0.0.jar!/springfox/documentation/swagger/web/SwaggerApiListingReader.class]
2024-07-27 12:07:21.828 DEBUG 5516 --- [    Test worker] o.s.c.a.ClassPathBeanDefinitionScanner   : Identified candidate component class: URL [jar:file:/C:/Users/anike/.gradle/caches/modules-2/files-2.1/io.springfox/springfox-swagger-common/3.0.0/2e2fae840984cfcabfd50e1b4b1c23422135ba12/springfox-swagger-common-3.0.0.jar!/springfox/documentation/swagger/web/InMemorySwaggerResourcesProvider.class]
2024-07-27 12:07:21.830 DEBUG 5516 --- [    Test worker] o.s.c.a.ClassPathBeanDefinitionScanner   : Identified candidate component class: URL [jar:file:/C:/Users/anike/.gradle/caches/modules-2/files-2.1/io.springfox/springfox-swagger-common/3.0.0/2e2fae840984cfcabfd50e1b4b1c23422135ba12/springfox-swagger-common-3.0.0.jar!/springfox/documentation/swagger/web/ApiResourceController.class]
2024-07-27 12:07:21.869 DEBUG 5516 --- [    Test worker] o.s.c.a.ClassPathBeanDefinitionScanner   : Identified candidate component class: URL [jar:file:/C:/Users/anike/.gradle/caches/modules-2/files-2.1/io.springfox/springfox-spring-web/3.0.0/a76f2fbe805bfd2798e20dc8f2cfbfad554d52da/springfox-spring-web-3.0.0.jar!/springfox/documentation/spring/web/scanners/ApiListingReferenceScanner.class]
2024-07-27 12:07:21.871 DEBUG 5516 --- [    Test worker] o.s.c.a.ClassPathBeanDefinitionScanner   : Identified candidate component class: URL [jar:file:/C:/Users/anike/.gradle/caches/modules-2/files-2.1/io.springfox/springfox-spring-web/3.0.0/a76f2fbe805bfd2798e20dc8f2cfbfad554d52da/springfox-spring-web-3.0.0.jar!/springfox/documentation/spring/web/scanners/ApiDocumentationScanner.class]
2024-07-27 12:07:21.872 DEBUG 5516 --- [    Test worker] o.s.c.a.ClassPathBeanDefinitionScanner   : Identified candidate component class: URL [jar:file:/C:/Users/anike/.gradle/caches/modules-2/files-2.1/io.springfox/springfox-spring-web/3.0.0/a76f2fbe805bfd2798e20dc8f2cfbfad554d52da/springfox-spring-web-3.0.0.jar!/springfox/documentation/spring/web/scanners/ApiDescriptionReader.class]
2024-07-27 12:07:21.873 DEBUG 5516 --- [    Test worker] o.s.c.a.ClassPathBeanDefinitionScanner   : Identified candidate component class: URL [jar:file:/C:/Users/anike/.gradle/caches/modules-2/files-2.1/io.springfox/springfox-spring-web/3.0.0/a76f2fbe805bfd2798e20dc8f2cfbfad554d52da/springfox-spring-web-3.0.0.jar!/springfox/documentation/spring/web/scanners/ApiListingReader.class]
2024-07-27 12:07:21.873 DEBUG 5516 --- [    Test worker] o.s.c.a.ClassPathBeanDefinitionScanner   : Identified candidate component class: URL [jar:file:/C:/Users/anike/.gradle/caches/modules-2/files-2.1/io.springfox/springfox-spring-web/3.0.0/a76f2fbe805bfd2798e20dc8f2cfbfad554d52da/springfox-spring-web-3.0.0.jar!/springfox/documentation/spring/web/scanners/ApiModelSpecificationReader.class]
2024-07-27 12:07:21.875 DEBUG 5516 --- [    Test worker] o.s.c.a.ClassPathBeanDefinitionScanner   : Identified candidate component class: URL [jar:file:/C:/Users/anike/.gradle/caches/modules-2/files-2.1/io.springfox/springfox-spring-web/3.0.0/a76f2fbe805bfd2798e20dc8f2cfbfad554d52da/springfox-spring-web-3.0.0.jar!/springfox/documentation/spring/web/scanners/CachingOperationReader.class]
2024-07-27 12:07:21.877 DEBUG 5516 --- [    Test worker] o.s.c.a.ClassPathBeanDefinitionScanner   : Identified candidate component class: URL [jar:file:/C:/Users/anike/.gradle/caches/modules-2/files-2.1/io.springfox/springfox-spring-web/3.0.0/a76f2fbe805bfd2798e20dc8f2cfbfad554d52da/springfox-spring-web-3.0.0.jar!/springfox/documentation/spring/web/scanners/MediaTypeReader.class]
2024-07-27 12:07:21.878 DEBUG 5516 --- [    Test worker] o.s.c.a.ClassPathBeanDefinitionScanner   : Identified candidate component class: URL [jar:file:/C:/Users/anike/.gradle/caches/modules-2/files-2.1/io.springfox/springfox-spring-web/3.0.0/a76f2fbe805bfd2798e20dc8f2cfbfad554d52da/springfox-spring-web-3.0.0.jar!/springfox/documentation/spring/web/scanners/ApiListingScanner.class]
2024-07-27 12:07:21.879 DEBUG 5516 --- [    Test worker] o.s.c.a.ClassPathBeanDefinitionScanner   : Identified candidate component class: URL [jar:file:/C:/Users/anike/.gradle/caches/modules-2/files-2.1/io.springfox/springfox-spring-web/3.0.0/a76f2fbe805bfd2798e20dc8f2cfbfad554d52da/springfox-spring-web-3.0.0.jar!/springfox/documentation/spring/web/scanners/ApiModelReader.class]
2024-07-27 12:07:21.880 DEBUG 5516 --- [    Test worker] o.s.c.a.ClassPathBeanDefinitionScanner   : Identified candidate component class: URL [jar:file:/C:/Users/anike/.gradle/caches/modules-2/files-2.1/io.springfox/springfox-spring-web/3.0.0/a76f2fbe805bfd2798e20dc8f2cfbfad554d52da/springfox-spring-web-3.0.0.jar!/springfox/documentation/spring/web/scanners/ApiDescriptionLookup.class]
2024-07-27 12:07:21.884 DEBUG 5516 --- [    Test worker] o.s.c.a.ClassPathBeanDefinitionScanner   : Identified candidate component class: URL [jar:file:/C:/Users/anike/.gradle/caches/modules-2/files-2.1/io.springfox/springfox-spring-web/3.0.0/a76f2fbe805bfd2798e20dc8f2cfbfad554d52da/springfox-spring-web-3.0.0.jar!/springfox/documentation/spring/web/readers/operation/OperationModelsProvider.class]
2024-07-27 12:07:21.886 DEBUG 5516 --- [    Test worker] o.s.c.a.ClassPathBeanDefinitionScanner   : Identified candidate component class: URL [jar:file:/C:/Users/anike/.gradle/caches/modules-2/files-2.1/io.springfox/springfox-spring-web/3.0.0/a76f2fbe805bfd2798e20dc8f2cfbfad554d52da/springfox-spring-web-3.0.0.jar!/springfox/documentation/spring/web/readers/operation/OperationDeprecatedReader.class]
2024-07-27 12:07:21.886 DEBUG 5516 --- [    Test worker] o.s.c.a.ClassPathBeanDefinitionScanner   : Identified candidate component class: URL [jar:file:/C:/Users/anike/.gradle/caches/modules-2/files-2.1/io.springfox/springfox-spring-web/3.0.0/a76f2fbe805bfd2798e20dc8f2cfbfad554d52da/springfox-spring-web-3.0.0.jar!/springfox/documentation/spring/web/readers/operation/ResponseMessagesReader.class]
2024-07-27 12:07:21.888 DEBUG 5516 --- [    Test worker] o.s.c.a.ClassPathBeanDefinitionScanner   : Identified candidate component class: URL [jar:file:/C:/Users/anike/.gradle/caches/modules-2/files-2.1/io.springfox/springfox-spring-web/3.0.0/a76f2fbe805bfd2798e20dc8f2cfbfad554d52da/springfox-spring-web-3.0.0.jar!/springfox/documentation/spring/web/readers/operation/OperationParameterReader.class]
2024-07-27 12:07:21.889 DEBUG 5516 --- [    Test worker] o.s.c.a.ClassPathBeanDefinitionScanner   : Identified candidate component class: URL [jar:file:/C:/Users/anike/.gradle/caches/modules-2/files-2.1/io.springfox/springfox-spring-web/3.0.0/a76f2fbe805bfd2798e20dc8f2cfbfad554d52da/springfox-spring-web-3.0.0.jar!/springfox/documentation/spring/web/readers/operation/OperationTagsReader.class]
2024-07-27 12:07:21.891 DEBUG 5516 --- [    Test worker] o.s.c.a.ClassPathBeanDefinitionScanner   : Identified candidate component class: URL [jar:file:/C:/Users/anike/.gradle/caches/modules-2/files-2.1/io.springfox/springfox-spring-web/3.0.0/a76f2fbe805bfd2798e20dc8f2cfbfad554d52da/springfox-spring-web-3.0.0.jar!/springfox/documentation/spring/web/readers/operation/ApiOperationReader.class]
2024-07-27 12:07:21.891 DEBUG 5516 --- [    Test worker] o.s.c.a.ClassPathBeanDefinitionScanner   : Identified candidate component class: URL [jar:file:/C:/Users/anike/.gradle/caches/modules-2/files-2.1/io.springfox/springfox-spring-web/3.0.0/a76f2fbe805bfd2798e20dc8f2cfbfad554d52da/springfox-spring-web-3.0.0.jar!/springfox/documentation/spring/web/readers/operation/DefaultOperationReader.class]
2024-07-27 12:07:21.892 DEBUG 5516 --- [    Test worker] o.s.c.a.ClassPathBeanDefinitionScanner   : Identified candidate component class: URL [jar:file:/C:/Users/anike/.gradle/caches/modules-2/files-2.1/io.springfox/springfox-spring-web/3.0.0/a76f2fbe805bfd2798e20dc8f2cfbfad554d52da/springfox-spring-web-3.0.0.jar!/springfox/documentation/spring/web/readers/operation/OperationParameterRequestConditionReader.class]
2024-07-27 12:07:21.892 DEBUG 5516 --- [    Test worker] o.s.c.a.ClassPathBeanDefinitionScanner   : Identified candidate component class: URL [jar:file:/C:/Users/anike/.gradle/caches/modules-2/files-2.1/io.springfox/springfox-spring-web/3.0.0/a76f2fbe805bfd2798e20dc8f2cfbfad554d52da/springfox-spring-web-3.0.0.jar!/springfox/documentation/spring/web/readers/operation/OperationParameterHeadersConditionReader.class]
2024-07-27 12:07:21.893 DEBUG 5516 --- [    Test worker] o.s.c.a.ClassPathBeanDefinitionScanner   : Identified candidate component class: URL [jar:file:/C:/Users/anike/.gradle/caches/modules-2/files-2.1/io.springfox/springfox-spring-web/3.0.0/a76f2fbe805bfd2798e20dc8f2cfbfad554d52da/springfox-spring-web-3.0.0.jar!/springfox/documentation/spring/web/readers/operation/ContentParameterAggregator.class]
2024-07-27 12:07:21.894 DEBUG 5516 --- [    Test worker] o.s.c.a.ClassPathBeanDefinitionScanner   : Identified candidate component class: URL [jar:file:/C:/Users/anike/.gradle/caches/modules-2/files-2.1/io.springfox/springfox-spring-web/3.0.0/a76f2fbe805bfd2798e20dc8f2cfbfad554d52da/springfox-spring-web-3.0.0.jar!/springfox/documentation/spring/web/readers/operation/OperationResponseClassReader.class]
2024-07-27 12:07:21.895 DEBUG 5516 --- [    Test worker] o.s.c.a.ClassPathBeanDefinitionScanner   : Identified candidate component class: URL [jar:file:/C:/Users/anike/.gradle/caches/modules-2/files-2.1/io.springfox/springfox-spring-web/3.0.0/a76f2fbe805bfd2798e20dc8f2cfbfad554d52da/springfox-spring-web-3.0.0.jar!/springfox/documentation/spring/web/readers/operation/CachingOperationNameGenerator.class]
2024-07-27 12:07:21.898 DEBUG 5516 --- [    Test worker] o.s.c.a.ClassPathBeanDefinitionScanner   : Identified candidate component class: URL [jar:file:/C:/Users/anike/.gradle/caches/modules-2/files-2.1/io.springfox/springfox-spring-web/3.0.0/a76f2fbe805bfd2798e20dc8f2cfbfad554d52da/springfox-spring-web-3.0.0.jar!/springfox/documentation/spring/web/readers/parameter/ParameterMultiplesReader.class]
2024-07-27 12:07:21.900 DEBUG 5516 --- [    Test worker] o.s.c.a.ClassPathBeanDefinitionScanner   : Identified candidate component class: URL [jar:file:/C:/Users/anike/.gradle/caches/modules-2/files-2.1/io.springfox/springfox-spring-web/3.0.0/a76f2fbe805bfd2798e20dc8f2cfbfad554d52da/springfox-spring-web-3.0.0.jar!/springfox/documentation/spring/web/readers/parameter/ModelAttributeParameterExpander.class]
2024-07-27 12:07:21.901 DEBUG 5516 --- [    Test worker] o.s.c.a.ClassPathBeanDefinitionScanner   : Identified candidate component class: URL [jar:file:/C:/Users/anike/.gradle/caches/modules-2/files-2.1/io.springfox/springfox-spring-web/3.0.0/a76f2fbe805bfd2798e20dc8f2cfbfad554d52da/springfox-spring-web-3.0.0.jar!/springfox/documentation/spring/web/readers/parameter/ParameterTypeReader.class]
2024-07-27 12:07:21.902 DEBUG 5516 --- [    Test worker] o.s.c.a.ClassPathBeanDefinitionScanner   : Identified candidate component class: URL [jar:file:/C:/Users/anike/.gradle/caches/modules-2/files-2.1/io.springfox/springfox-spring-web/3.0.0/a76f2fbe805bfd2798e20dc8f2cfbfad554d52da/springfox-spring-web-3.0.0.jar!/springfox/documentation/spring/web/readers/parameter/ParameterRequiredReader.class]
2024-07-27 12:07:21.904 DEBUG 5516 --- [    Test worker] o.s.c.a.ClassPathBeanDefinitionScanner   : Identified candidate component class: URL [jar:file:/C:/Users/anike/.gradle/caches/modules-2/files-2.1/io.springfox/springfox-spring-web/3.0.0/a76f2fbe805bfd2798e20dc8f2cfbfad554d52da/springfox-spring-web-3.0.0.jar!/springfox/documentation/spring/web/readers/parameter/ParameterDataTypeReader.class]
2024-07-27 12:07:21.904 DEBUG 5516 --- [    Test worker] o.s.c.a.ClassPathBeanDefinitionScanner   : Identified candidate component class: URL [jar:file:/C:/Users/anike/.gradle/caches/modules-2/files-2.1/io.springfox/springfox-spring-web/3.0.0/a76f2fbe805bfd2798e20dc8f2cfbfad554d52da/springfox-spring-web-3.0.0.jar!/springfox/documentation/spring/web/readers/parameter/ParameterDefaultReader.class]
2024-07-27 12:07:21.905 DEBUG 5516 --- [    Test worker] o.s.c.a.ClassPathBeanDefinitionScanner   : Identified candidate component class: URL [jar:file:/C:/Users/anike/.gradle/caches/modules-2/files-2.1/io.springfox/springfox-spring-web/3.0.0/a76f2fbe805bfd2798e20dc8f2cfbfad554d52da/springfox-spring-web-3.0.0.jar!/springfox/documentation/spring/web/readers/parameter/ParameterNameReader.class]
2024-07-27 12:07:21.906 DEBUG 5516 --- [    Test worker] o.s.c.a.ClassPathBeanDefinitionScanner   : Identified candidate component class: URL [jar:file:/C:/Users/anike/.gradle/caches/modules-2/files-2.1/io.springfox/springfox-spring-web/3.0.0/a76f2fbe805bfd2798e20dc8f2cfbfad554d52da/springfox-spring-web-3.0.0.jar!/springfox/documentation/spring/web/readers/parameter/ExpandedParameterBuilder.class]
2024-07-27 12:07:21.911 DEBUG 5516 --- [    Test worker] o.s.c.a.ClassPathBeanDefinitionScanner   : Identified candidate component class: URL [jar:file:/C:/Users/anike/.gradle/caches/modules-2/files-2.1/io.springfox/springfox-spring-webmvc/3.0.0/7ed22363fdfd651cd811c0b2391f16bddb91db8b/springfox-spring-webmvc-3.0.0.jar!/springfox/documentation/spring/web/plugins/WebMvcRequestHandlerProvider.class]
2024-07-27 12:07:21.915 DEBUG 5516 --- [    Test worker] o.s.c.a.ClassPathBeanDefinitionScanner   : Identified candidate component class: URL [jar:file:/C:/Users/anike/.gradle/caches/modules-2/files-2.1/io.springfox/springfox-spring-web/3.0.0/a76f2fbe805bfd2798e20dc8f2cfbfad554d52da/springfox-spring-web-3.0.0.jar!/springfox/documentation/spring/web/plugins/DefaultResponseTypeReader.class]
2024-07-27 12:07:21.922 DEBUG 5516 --- [    Test worker] o.s.c.a.ClassPathBeanDefinitionScanner   : Identified candidate component class: URL [jar:file:/C:/Users/anike/.gradle/caches/modules-2/files-2.1/io.springfox/springfox-spring-web/3.0.0/a76f2fbe805bfd2798e20dc8f2cfbfad554d52da/springfox-spring-web-3.0.0.jar!/springfox/documentation/spring/web/plugins/DocumentationPluginsBootstrapper.class]
2024-07-27 12:07:21.923 DEBUG 5516 --- [    Test worker] o.s.c.a.ClassPathBeanDefinitionScanner   : Identified candidate component class: URL [jar:file:/C:/Users/anike/.gradle/caches/modules-2/files-2.1/io.springfox/springfox-spring-web/3.0.0/a76f2fbe805bfd2798e20dc8f2cfbfad554d52da/springfox-spring-web-3.0.0.jar!/springfox/documentation/spring/web/plugins/DocumentationPluginsManager.class]
2024-07-27 12:07:21.925 DEBUG 5516 --- [    Test worker] o.s.c.a.ClassPathBeanDefinitionScanner   : Identified candidate component class: URL [jar:file:/C:/Users/anike/.gradle/caches/modules-2/files-2.1/io.springfox/springfox-spring-web/3.0.0/a76f2fbe805bfd2798e20dc8f2cfbfad554d52da/springfox-spring-web-3.0.0.jar!/springfox/documentation/spring/web/paths/QueryStringUriTemplateDecorator.class]
2024-07-27 12:07:21.927 DEBUG 5516 --- [    Test worker] o.s.c.a.ClassPathBeanDefinitionScanner   : Identified candidate component class: URL [jar:file:/C:/Users/anike/.gradle/caches/modules-2/files-2.1/io.springfox/springfox-spring-web/3.0.0/a76f2fbe805bfd2798e20dc8f2cfbfad554d52da/springfox-spring-web-3.0.0.jar!/springfox/documentation/spring/web/paths/PathMappingDecorator.class]
2024-07-27 12:07:21.928 DEBUG 5516 --- [    Test worker] o.s.c.a.ClassPathBeanDefinitionScanner   : Identified candidate component class: URL [jar:file:/C:/Users/anike/.gradle/caches/modules-2/files-2.1/io.springfox/springfox-spring-web/3.0.0/a76f2fbe805bfd2798e20dc8f2cfbfad554d52da/springfox-spring-web-3.0.0.jar!/springfox/documentation/spring/web/paths/PathSanitizer.class]
2024-07-27 12:07:21.929 DEBUG 5516 --- [    Test worker] o.s.c.a.ClassPathBeanDefinitionScanner   : Identified candidate component class: URL [jar:file:/C:/Users/anike/.gradle/caches/modules-2/files-2.1/io.springfox/springfox-spring-web/3.0.0/a76f2fbe805bfd2798e20dc8f2cfbfad554d52da/springfox-spring-web-3.0.0.jar!/springfox/documentation/spring/web/paths/OperationPathDecorator.class]
2024-07-27 12:07:21.972 DEBUG 5516 --- [    Test worker] o.s.c.a.ClassPathBeanDefinitionScanner   : Identified candidate component class: URL [jar:file:/C:/Users/anike/.gradle/caches/modules-2/files-2.1/io.springfox/springfox-schema/3.0.0/32c5d6965617830ef6480fadb9030008945bcd9c/springfox-schema-3.0.0.jar!/springfox/documentation/schema/JacksonJsonViewProvider.class]
2024-07-27 12:07:21.975 DEBUG 5516 --- [    Test worker] o.s.c.a.ClassPathBeanDefinitionScanner   : Identified candidate component class: URL [jar:file:/C:/Users/anike/.gradle/caches/modules-2/files-2.1/io.springfox/springfox-schema/3.0.0/32c5d6965617830ef6480fadb9030008945bcd9c/springfox-schema-3.0.0.jar!/springfox/documentation/schema/CachingModelDependencyProvider.class]
2024-07-27 12:07:21.976 DEBUG 5516 --- [    Test worker] o.s.c.a.ClassPathBeanDefinitionScanner   : Identified candidate component class: URL [jar:file:/C:/Users/anike/.gradle/caches/modules-2/files-2.1/io.springfox/springfox-schema/3.0.0/32c5d6965617830ef6480fadb9030008945bcd9c/springfox-schema-3.0.0.jar!/springfox/documentation/schema/TypeNameExtractor.class]
2024-07-27 12:07:21.977 DEBUG 5516 --- [    Test worker] o.s.c.a.ClassPathBeanDefinitionScanner   : Identified candidate component class: URL [jar:file:/C:/Users/anike/.gradle/caches/modules-2/files-2.1/io.springfox/springfox-schema/3.0.0/32c5d6965617830ef6480fadb9030008945bcd9c/springfox-schema-3.0.0.jar!/springfox/documentation/schema/plugins/PropertyDiscriminatorBasedInheritancePlugin.class]
2024-07-27 12:07:21.979 DEBUG 5516 --- [    Test worker] o.s.c.a.ClassPathBeanDefinitionScanner   : Identified candidate component class: URL [jar:file:/C:/Users/anike/.gradle/caches/modules-2/files-2.1/io.springfox/springfox-schema/3.0.0/32c5d6965617830ef6480fadb9030008945bcd9c/springfox-schema-3.0.0.jar!/springfox/documentation/schema/plugins/XmlModelPlugin.class]
2024-07-27 12:07:21.980 DEBUG 5516 --- [    Test worker] o.s.c.a.ClassPathBeanDefinitionScanner   : Identified candidate component class: URL [jar:file:/C:/Users/anike/.gradle/caches/modules-2/files-2.1/io.springfox/springfox-schema/3.0.0/32c5d6965617830ef6480fadb9030008945bcd9c/springfox-schema-3.0.0.jar!/springfox/documentation/schema/plugins/SchemaPluginsManager.class]
2024-07-27 12:07:21.981 DEBUG 5516 --- [    Test worker] o.s.c.a.ClassPathBeanDefinitionScanner   : Identified candidate component class: URL [jar:file:/C:/Users/anike/.gradle/caches/modules-2/files-2.1/io.springfox/springfox-schema/3.0.0/32c5d6965617830ef6480fadb9030008945bcd9c/springfox-schema-3.0.0.jar!/springfox/documentation/schema/plugins/JsonIgnorePropertiesModelPlugin.class]
2024-07-27 12:07:21.991 DEBUG 5516 --- [    Test worker] o.s.c.a.ClassPathBeanDefinitionScanner   : Identified candidate component class: URL [jar:file:/C:/Users/anike/.gradle/caches/modules-2/files-2.1/io.springfox/springfox-schema/3.0.0/32c5d6965617830ef6480fadb9030008945bcd9c/springfox-schema-3.0.0.jar!/springfox/documentation/schema/property/CachingModelPropertiesProvider.class]
2024-07-27 12:07:21.992 DEBUG 5516 --- [    Test worker] o.s.c.a.ClassPathBeanDefinitionScanner   : Identified candidate component class: URL [jar:file:/C:/Users/anike/.gradle/caches/modules-2/files-2.1/io.springfox/springfox-schema/3.0.0/32c5d6965617830ef6480fadb9030008945bcd9c/springfox-schema-3.0.0.jar!/springfox/documentation/schema/property/ObjectMapperBeanPropertyNamingStrategy.class]
2024-07-27 12:07:21.995 DEBUG 5516 --- [    Test worker] o.s.c.a.ClassPathBeanDefinitionScanner   : Identified candidate component class: URL [jar:file:/C:/Users/anike/.gradle/caches/modules-2/files-2.1/io.springfox/springfox-schema/3.0.0/32c5d6965617830ef6480fadb9030008945bcd9c/springfox-schema-3.0.0.jar!/springfox/documentation/schema/property/bean/AccessorsProvider.class]
2024-07-27 12:07:21.996 DEBUG 5516 --- [    Test worker] o.s.c.a.ClassPathBeanDefinitionScanner   : Identified candidate component class: URL [jar:file:/C:/Users/anike/.gradle/caches/modules-2/files-2.1/io.springfox/springfox-schema/3.0.0/32c5d6965617830ef6480fadb9030008945bcd9c/springfox-schema-3.0.0.jar!/springfox/documentation/schema/property/field/FieldProvider.class]
2024-07-27 12:07:21.998 DEBUG 5516 --- [    Test worker] o.s.c.a.ClassPathBeanDefinitionScanner   : Identified candidate component class: URL [jar:file:/C:/Users/anike/.gradle/caches/modules-2/files-2.1/io.springfox/springfox-schema/3.0.0/32c5d6965617830ef6480fadb9030008945bcd9c/springfox-schema-3.0.0.jar!/springfox/documentation/schema/property/XmlPropertyPlugin.class]
2024-07-27 12:07:21.999 DEBUG 5516 --- [    Test worker] o.s.c.a.ClassPathBeanDefinitionScanner   : Identified candidate component class: URL [jar:file:/C:/Users/anike/.gradle/caches/modules-2/files-2.1/io.springfox/springfox-schema/3.0.0/32c5d6965617830ef6480fadb9030008945bcd9c/springfox-schema-3.0.0.jar!/springfox/documentation/schema/property/OptimizedModelPropertiesProvider.class]
2024-07-27 12:07:22.000 DEBUG 5516 --- [    Test worker] o.s.c.a.ClassPathBeanDefinitionScanner   : Identified candidate component class: URL [jar:file:/C:/Users/anike/.gradle/caches/modules-2/files-2.1/io.springfox/springfox-schema/3.0.0/32c5d6965617830ef6480fadb9030008945bcd9c/springfox-schema-3.0.0.jar!/springfox/documentation/schema/property/FactoryMethodProvider.class]
2024-07-27 12:07:22.001 DEBUG 5516 --- [    Test worker] o.s.c.a.ClassPathBeanDefinitionScanner   : Identified candidate component class: URL [jar:file:/C:/Users/anike/.gradle/caches/modules-2/files-2.1/io.springfox/springfox-schema/3.0.0/32c5d6965617830ef6480fadb9030008945bcd9c/springfox-schema-3.0.0.jar!/springfox/documentation/schema/property/ModelSpecificationFactory.class]
2024-07-27 12:07:22.006 DEBUG 5516 --- [    Test worker] o.s.c.a.ClassPathBeanDefinitionScanner   : Identified candidate component class: URL [jar:file:/C:/Users/anike/.gradle/caches/modules-2/files-2.1/io.springfox/springfox-schema/3.0.0/32c5d6965617830ef6480fadb9030008945bcd9c/springfox-schema-3.0.0.jar!/springfox/documentation/schema/CachingModelProvider.class]
2024-07-27 12:07:22.007 DEBUG 5516 --- [    Test worker] o.s.c.a.ClassPathBeanDefinitionScanner   : Identified candidate component class: URL [jar:file:/C:/Users/anike/.gradle/caches/modules-2/files-2.1/io.springfox/springfox-schema/3.0.0/32c5d6965617830ef6480fadb9030008945bcd9c/springfox-schema-3.0.0.jar!/springfox/documentation/schema/DefaultModelDependencyProvider.class]
2024-07-27 12:07:22.009 DEBUG 5516 --- [    Test worker] o.s.c.a.ClassPathBeanDefinitionScanner   : Identified candidate component class: URL [jar:file:/C:/Users/anike/.gradle/caches/modules-2/files-2.1/io.springfox/springfox-schema/3.0.0/32c5d6965617830ef6480fadb9030008945bcd9c/springfox-schema-3.0.0.jar!/springfox/documentation/schema/JacksonEnumTypeDeterminer.class]
2024-07-27 12:07:22.010 DEBUG 5516 --- [    Test worker] o.s.c.a.ClassPathBeanDefinitionScanner   : Identified candidate component class: URL [jar:file:/C:/Users/anike/.gradle/caches/modules-2/files-2.1/io.springfox/springfox-schema/3.0.0/32c5d6965617830ef6480fadb9030008945bcd9c/springfox-schema-3.0.0.jar!/springfox/documentation/schema/DefaultModelProvider.class]
2024-07-27 12:07:22.011 DEBUG 5516 --- [    Test worker] o.s.c.a.ClassPathBeanDefinitionScanner   : Identified candidate component class: URL [jar:file:/C:/Users/anike/.gradle/caches/modules-2/files-2.1/io.springfox/springfox-schema/3.0.0/32c5d6965617830ef6480fadb9030008945bcd9c/springfox-schema-3.0.0.jar!/springfox/documentation/schema/DefaultModelSpecificationProvider.class]
2024-07-27 12:07:22.511 DEBUG 5516 --- [    Test worker] o.s.c.a.ClassPathBeanDefinitionScanner   : Identified candidate component class: URL [jar:file:/C:/Users/anike/.gradle/caches/modules-2/files-2.1/io.springfox/springfox-oas/3.0.0/e7bc9c1319cf1b64ae714a249c3db3b8fe01e42b/springfox-oas-3.0.0.jar!/springfox/documentation/oas/web/OpenApiControllerWebMvc.class]
2024-07-27 12:07:22.517 DEBUG 5516 --- [    Test worker] o.s.c.a.ClassPathBeanDefinitionScanner   : Identified candidate component class: URL [jar:file:/C:/Users/anike/.gradle/caches/modules-2/files-2.1/io.springfox/springfox-oas/3.0.0/e7bc9c1319cf1b64ae714a249c3db3b8fe01e42b/springfox-oas-3.0.0.jar!/springfox/documentation/oas/mappers/OasVendorExtensionsMapperImpl.class]
2024-07-27 12:07:22.519 DEBUG 5516 --- [    Test worker] o.s.c.a.ClassPathBeanDefinitionScanner   : Identified candidate component class: URL [jar:file:/C:/Users/anike/.gradle/caches/modules-2/files-2.1/io.springfox/springfox-oas/3.0.0/e7bc9c1319cf1b64ae714a249c3db3b8fe01e42b/springfox-oas-3.0.0.jar!/springfox/documentation/oas/mappers/StyleEnumMapperImpl.class]
2024-07-27 12:07:22.520 DEBUG 5516 --- [    Test worker] o.s.c.a.ClassPathBeanDefinitionScanner   : Identified candidate component class: URL [jar:file:/C:/Users/anike/.gradle/caches/modules-2/files-2.1/io.springfox/springfox-oas/3.0.0/e7bc9c1319cf1b64ae714a249c3db3b8fe01e42b/springfox-oas-3.0.0.jar!/springfox/documentation/oas/mappers/SecuritySchemeMapperImpl.class]
2024-07-27 12:07:22.521 DEBUG 5516 --- [    Test worker] o.s.c.a.ClassPathBeanDefinitionScanner   : Identified candidate component class: URL [jar:file:/C:/Users/anike/.gradle/caches/modules-2/files-2.1/io.springfox/springfox-oas/3.0.0/e7bc9c1319cf1b64ae714a249c3db3b8fe01e42b/springfox-oas-3.0.0.jar!/springfox/documentation/oas/mappers/OasSecurityMapperImpl.class]
2024-07-27 12:07:22.522 DEBUG 5516 --- [    Test worker] o.s.c.a.ClassPathBeanDefinitionScanner   : Identified candidate component class: URL [jar:file:/C:/Users/anike/.gradle/caches/modules-2/files-2.1/io.springfox/springfox-oas/3.0.0/e7bc9c1319cf1b64ae714a249c3db3b8fe01e42b/springfox-oas-3.0.0.jar!/springfox/documentation/oas/mappers/SchemaMapperImpl.class]
2024-07-27 12:07:22.522 DEBUG 5516 --- [    Test worker] o.s.c.a.ClassPathBeanDefinitionScanner   : Identified candidate component class: URL [jar:file:/C:/Users/anike/.gradle/caches/modules-2/files-2.1/io.springfox/springfox-oas/3.0.0/e7bc9c1319cf1b64ae714a249c3db3b8fe01e42b/springfox-oas-3.0.0.jar!/springfox/documentation/oas/mappers/ExamplesMapperImpl.class]
2024-07-27 12:07:22.524 DEBUG 5516 --- [    Test worker] o.s.c.a.ClassPathBeanDefinitionScanner   : Identified candidate component class: URL [jar:file:/C:/Users/anike/.gradle/caches/modules-2/files-2.1/io.springfox/springfox-oas/3.0.0/e7bc9c1319cf1b64ae714a249c3db3b8fe01e42b/springfox-oas-3.0.0.jar!/springfox/documentation/oas/mappers/ServiceModelToOpenApiMapperImpl.class]
2024-07-27 12:07:22.525 DEBUG 5516 --- [    Test worker] o.s.c.a.ClassPathBeanDefinitionScanner   : Identified candidate component class: URL [jar:file:/C:/Users/anike/.gradle/caches/modules-2/files-2.1/io.springfox/springfox-oas/3.0.0/e7bc9c1319cf1b64ae714a249c3db3b8fe01e42b/springfox-oas-3.0.0.jar!/springfox/documentation/oas/mappers/OasLicenceMapper.class]
2024-07-27 12:07:22.837  INFO 5516 --- [    Test worker] .s.d.r.c.RepositoryConfigurationDelegate : Multiple Spring Data modules found, entering strict repository configuration mode!
2024-07-27 12:07:22.840  INFO 5516 --- [    Test worker] .s.d.r.c.RepositoryConfigurationDelegate : Bootstrapping Spring Data JPA repositories in DEFAULT mode.
2024-07-27 12:07:22.849 DEBUG 5516 --- [    Test worker] o.s.b.f.s.DefaultListableBeanFactory     : Creating shared instance of singleton bean 'org.springframework.boot.autoconfigure.AutoConfigurationPackages'
2024-07-27 12:07:22.850 DEBUG 5516 --- [    Test worker] o.s.b.a.AutoConfigurationPackages        : @EnableAutoConfiguration was declared on a class in the package 'com.example.scholarship'. Automatic @Repository and @Entity scanning is enabled.
2024-07-27 12:07:22.851 DEBUG 5516 --- [    Test worker] .s.d.r.c.RepositoryConfigurationDelegate : Scanning for JPA repositories in packages com.example.scholarship.
2024-07-27 12:07:22.862 DEBUG 5516 --- [    Test worker] o.s.d.r.c.RepositoryComponentProvider    : Identified candidate component class: file [C:\Users\anike\Desktop\Aniket Singh\scholarship\build\classes\java\main\com\example\scholarship\repository\StudentRepository.class]
2024-07-27 12:07:22.917  INFO 5516 --- [    Test worker] .s.d.r.c.RepositoryConfigurationDelegate : Finished Spring Data repository scanning in 64 ms. Found 1 JPA repository interfaces.
2024-07-27 12:07:22.958  INFO 5516 --- [    Test worker] .s.d.r.c.RepositoryConfigurationDelegate : Multiple Spring Data modules found, entering strict repository configuration mode!
2024-07-27 12:07:22.958  INFO 5516 --- [    Test worker] .s.d.r.c.RepositoryConfigurationDelegate : Bootstrapping Spring Data MongoDB repositories in DEFAULT mode.
2024-07-27 12:07:22.959 DEBUG 5516 --- [    Test worker] .s.d.r.c.RepositoryConfigurationDelegate : Scanning for MongoDB repositories in packages com.example.scholarship.
2024-07-27 12:07:22.964 DEBUG 5516 --- [    Test worker] o.s.d.r.c.RepositoryComponentProvider    : Identified candidate component class: file [C:\Users\anike\Desktop\Aniket Singh\scholarship\build\classes\java\main\com\example\scholarship\repository\StudentRepository.class]
2024-07-27 12:07:22.968  INFO 5516 --- [    Test worker] .RepositoryConfigurationExtensionSupport : Spring Data MongoDB - Could not safely identify store assignment for repository candidate interface com.example.scholarship.repository.StudentRepository. If you want this repository to be a MongoDB repository, consider annotating your entities with one of these annotations: org.springframework.data.mongodb.core.mapping.Document (preferred), or consider extending one of the following types with your repository: org.springframework.data.mongodb.repository.MongoRepository.
2024-07-27 12:07:22.968  INFO 5516 --- [    Test worker] .s.d.r.c.RepositoryConfigurationDelegate : Finished Spring Data repository scanning in 9 ms. Found 0 MongoDB repository interfaces.
2024-07-27 12:07:23.228 DEBUG 5516 --- [    Test worker] o.s.b.f.s.DefaultListableBeanFactory     : Creating shared instance of singleton bean 'propertySourcesPlaceholderConfigurer'
2024-07-27 12:07:23.238 DEBUG 5516 --- [    Test worker] o.s.b.f.s.DefaultListableBeanFactory     : Creating shared instance of singleton bean 'org.springframework.boot.test.mock.mockito.MockitoPostProcessor'
2024-07-27 12:07:23.248 DEBUG 5516 --- [    Test worker] o.s.b.f.s.DefaultListableBeanFactory     : Creating shared instance of singleton bean 'emBeanDefinitionRegistrarPostProcessor'
2024-07-27 12:07:23.248 DEBUG 5516 --- [    Test worker] o.s.b.f.s.DefaultListableBeanFactory     : Creating shared instance of singleton bean 'org.springframework.boot.sql.init.dependency.DatabaseInitializationDependencyConfigurer$DependsOnDatabaseInitializationPostProcessor'
2024-07-27 12:07:23.357 DEBUG 5516 --- [    Test worker] o.s.b.f.s.DefaultListableBeanFactory     : Creating shared instance of singleton bean 'org.springframework.context.event.internalEventListenerProcessor'
2024-07-27 12:07:23.358 DEBUG 5516 --- [    Test worker] o.s.b.f.s.DefaultListableBeanFactory     : Creating shared instance of singleton bean 'preserveErrorControllerTargetClassPostProcessor'
2024-07-27 12:07:23.360 DEBUG 5516 --- [    Test worker] o.s.b.f.s.DefaultListableBeanFactory     : Creating shared instance of singleton bean 'org.springframework.context.event.internalEventListenerFactory'
2024-07-27 12:07:23.360 DEBUG 5516 --- [    Test worker] o.s.b.f.s.DefaultListableBeanFactory     : Creating shared instance of singleton bean 'org.springframework.transaction.config.internalTransactionalEventListenerFactory'
2024-07-27 12:07:23.366 DEBUG 5516 --- [    Test worker] o.s.b.f.s.DefaultListableBeanFactory     : Creating shared instance of singleton bean 'org.springframework.boot.test.mock.mockito.MockitoPostProcessor$SpyPostProcessor'
2024-07-27 12:07:23.368 DEBUG 5516 --- [    Test worker] o.s.b.f.s.DefaultListableBeanFactory     : Creating shared instance of singleton bean 'org.springframework.context.annotation.internalAutowiredAnnotationProcessor'
2024-07-27 12:07:23.371 DEBUG 5516 --- [    Test worker] o.s.b.f.s.DefaultListableBeanFactory     : Creating shared instance of singleton bean 'org.springframework.context.annotation.internalCommonAnnotationProcessor'
2024-07-27 12:07:23.378 DEBUG 5516 --- [    Test worker] o.s.b.f.s.DefaultListableBeanFactory     : Creating shared instance of singleton bean 'org.springframework.context.annotation.internalPersistenceAnnotationProcessor'
2024-07-27 12:07:23.378 DEBUG 5516 --- [    Test worker] o.s.b.f.s.DefaultListableBeanFactory     : Creating shared instance of singleton bean 'org.springframework.boot.context.properties.ConfigurationPropertiesBindingPostProcessor'
2024-07-27 12:07:23.379 DEBUG 5516 --- [    Test worker] o.s.b.f.s.DefaultListableBeanFactory     : Creating shared instance of singleton bean 'org.springframework.boot.context.internalConfigurationPropertiesBinder'
2024-07-27 12:07:23.379 DEBUG 5516 --- [    Test worker] o.s.b.f.s.DefaultListableBeanFactory     : Creating shared instance of singleton bean 'org.springframework.boot.context.internalConfigurationPropertiesBinderFactory'
2024-07-27 12:07:23.383 DEBUG 5516 --- [    Test worker] o.s.b.f.s.DefaultListableBeanFactory     : Creating shared instance of singleton bean 'org.springframework.aop.config.internalAutoProxyCreator'
2024-07-27 12:07:23.445 DEBUG 5516 --- [    Test worker] o.s.b.f.s.DefaultListableBeanFactory     : Creating shared instance of singleton bean 'persistenceExceptionTranslationPostProcessor'
2024-07-27 12:07:23.460 DEBUG 5516 --- [    Test worker] o.s.b.f.s.DefaultListableBeanFactory     : Autowiring by type from bean name 'persistenceExceptionTranslationPostProcessor' via factory method to bean named 'environment'
2024-07-27 12:07:23.475 DEBUG 5516 --- [    Test worker] o.s.b.f.s.DefaultListableBeanFactory     : Creating shared instance of singleton bean 'webMvcObjectMapperConfigurer'
2024-07-27 12:07:23.477 DEBUG 5516 --- [    Test worker] o.s.b.f.s.DefaultListableBeanFactory     : Creating shared instance of singleton bean 'org.springframework.transaction.config.internalTransactionAdvisor'
2024-07-27 12:07:23.477 DEBUG 5516 --- [    Test worker] o.s.b.f.s.DefaultListableBeanFactory     : Creating shared instance of singleton bean 'org.springframework.transaction.annotation.ProxyTransactionManagementConfiguration'
2024-07-27 12:07:23.499 DEBUG 5516 --- [    Test worker] o.s.b.f.s.DefaultListableBeanFactory     : Creating shared instance of singleton bean 'transactionAttributeSource'
2024-07-27 12:07:23.507 DEBUG 5516 --- [    Test worker] o.s.b.f.s.DefaultListableBeanFactory     : Creating shared instance of singleton bean 'transactionInterceptor'
2024-07-27 12:07:23.509 DEBUG 5516 --- [    Test worker] o.s.b.f.s.DefaultListableBeanFactory     : Autowiring by type from bean name 'transactionInterceptor' via factory method to bean named 'transactionAttributeSource'
2024-07-27 12:07:23.526 DEBUG 5516 --- [    Test worker] o.s.b.f.s.DefaultListableBeanFactory     : Autowiring by type from bean name 'org.springframework.transaction.config.internalTransactionAdvisor' via factory method to bean named 'transactionAttributeSource'
2024-07-27 12:07:23.526 DEBUG 5516 --- [    Test worker] o.s.b.f.s.DefaultListableBeanFactory     : Autowiring by type from bean name 'org.springframework.transaction.config.internalTransactionAdvisor' via factory method to bean named 'transactionInterceptor'
2024-07-27 12:07:23.554 DEBUG 5516 --- [    Test worker] o.s.b.f.s.DefaultListableBeanFactory     : Creating shared instance of singleton bean 'webServerFactoryCustomizerBeanPostProcessor'
2024-07-27 12:07:23.558 DEBUG 5516 --- [    Test worker] o.s.b.f.s.DefaultListableBeanFactory     : Creating shared instance of singleton bean 'errorPageRegistrarBeanPostProcessor'
2024-07-27 12:07:23.563 DEBUG 5516 --- [    Test worker] o.s.b.f.s.DefaultListableBeanFactory     : Creating shared instance of singleton bean 'projectingArgumentResolverBeanPostProcessor'
2024-07-27 12:07:23.600 DEBUG 5516 --- [    Test worker] o.s.u.c.s.UiApplicationContextUtils      : Unable to locate ThemeSource with name 'themeSource': using default [org.springframework.ui.context.support.ResourceBundleThemeSource@26be9a6]
2024-07-27 12:07:23.602 DEBUG 5516 --- [    Test worker] o.s.b.f.s.DefaultListableBeanFactory     : Creating shared instance of singleton bean 'dataSourceScriptDatabaseInitializer'
[...]
	at org.junit.jupiter.engine.descriptor.ClassBasedTestDescriptor.lambda$testInstancesProvider$4(ClassBasedTestDescriptor.java:272) ~[junit-jupiter-engine-5.8.2.jar:5.8.2]
	at java.base/java.util.Optional.orElseGet(Optional.java:364) ~[na:na]
	at org.junit.jupiter.engine.descriptor.ClassBasedTestDescriptor.lambda$testInstancesProvider$5(ClassBasedTestDescriptor.java:271) ~[junit-jupiter-engine-5.8.2.jar:5.8.2]
	at org.junit.jupiter.engine.execution.TestInstancesProvider.getTestInstances(TestInstancesProvider.java:31) ~[junit-jupiter-engine-5.8.2.jar:5.8.2]
	at org.junit.jupiter.engine.descriptor.TestMethodTestDescriptor.lambda$prepare$0(TestMethodTestDescriptor.java:102) ~[junit-jupiter-engine-5.8.2.jar:5.8.2]
	at org.junit.platform.engine.support.hierarchical.ThrowableCollector.execute(ThrowableCollector.java:73) ~[junit-platform-engine-1.8.2.jar:1.8.2]
	at org.junit.jupiter.engine.descriptor.TestMethodTestDescriptor.prepare(TestMethodTestDescriptor.java:101) ~[junit-jupiter-engine-5.8.2.jar:5.8.2]
	at org.junit.jupiter.engine.descriptor.TestMethodTestDescriptor.prepare(TestMethodTestDescriptor.java:66) ~[junit-jupiter-engine-5.8.2.jar:5.8.2]
	at org.junit.platform.engine.support.hierarchical.NodeTestTask.lambda$prepare$2(NodeTestTask.java:123) ~[junit-platform-engine-1.8.2.jar:1.8.2]
	at org.junit.platform.engine.support.hierarchical.ThrowableCollector.execute(ThrowableCollector.java:73) ~[junit-platform-engine-1.8.2.jar:1.8.2]
	at org.junit.platform.engine.support.hierarchical.NodeTestTask.prepare(NodeTestTask.java:123) ~[junit-platform-engine-1.8.2.jar:1.8.2]
	at org.junit.platform.engine.support.hierarchical.NodeTestTask.execute(NodeTestTask.java:90) ~[junit-platform-engine-1.8.2.jar:1.8.2]
	at java.base/java.util.ArrayList.forEach(ArrayList.java:1597) ~[na:na]
	at org.junit.platform.engine.support.hierarchical.SameThreadHierarchicalTestExecutorService.invokeAll(SameThreadHierarchicalTestExecutorService.java:41) ~[junit-platform-engine-1.8.2.jar:1.8.2]
	at org.junit.platform.engine.support.hierarchical.NodeTestTask.lambda$executeRecursively$6(NodeTestTask.java:155) ~[junit-platform-engine-1.8.2.jar:1.8.2]
	at org.junit.platform.engine.support.hierarchical.ThrowableCollector.execute(ThrowableCollector.java:73) ~[junit-platform-engine-1.8.2.jar:1.8.2]
	at org.junit.platform.engine.support.hierarchical.NodeTestTask.lambda$executeRecursively$8(NodeTestTask.java:141) ~[junit-platform-engine-1.8.2.jar:1.8.2]
	at org.junit.platform.engine.support.hierarchical.Node.around(Node.java:137) ~[junit-platform-engine-1.8.2.jar:1.8.2]
	at org.junit.platform.engine.support.hierarchical.NodeTestTask.lambda$executeRecursively$9(NodeTestTask.java:139) ~[junit-platform-engine-1.8.2.jar:1.8.2]
	at org.junit.platform.engine.support.hierarchical.ThrowableCollector.execute(ThrowableCollector.java:73) ~[junit-platform-engine-1.8.2.jar:1.8.2]
	at org.junit.platform.engine.support.hierarchical.NodeTestTask.executeRecursively(NodeTestTask.java:138) ~[junit-platform-engine-1.8.2.jar:1.8.2]
	at org.junit.platform.engine.support.hierarchical.NodeTestTask.execute(NodeTestTask.java:95) ~[junit-platform-engine-1.8.2.jar:1.8.2]
	at java.base/java.util.ArrayList.forEach(ArrayList.java:1597) ~[na:na]
	at org.junit.platform.engine.support.hierarchical.SameThreadHierarchicalTestExecutorService.invokeAll(SameThreadHierarchicalTestExecutorService.java:41) ~[junit-platform-engine-1.8.2.jar:1.8.2]
	at org.junit.platform.engine.support.hierarchical.NodeTestTask.lambda$executeRecursively$6(NodeTestTask.java:155) ~[junit-platform-engine-1.8.2.jar:1.8.2]
	at org.junit.platform.engine.support.hierarchical.ThrowableCollector.execute(ThrowableCollector.java:73) ~[junit-platform-engine-1.8.2.jar:1.8.2]
	at org.junit.platform.engine.support.hierarchical.NodeTestTask.lambda$executeRecursively$8(NodeTestTask.java:141) ~[junit-platform-engine-1.8.2.jar:1.8.2]
	at org.junit.platform.engine.support.hierarchical.Node.around(Node.java:137) ~[junit-platform-engine-1.8.2.jar:1.8.2]
	at org.junit.platform.engine.support.hierarchical.NodeTestTask.lambda$executeRecursively$9(NodeTestTask.java:139) ~[junit-platform-engine-1.8.2.jar:1.8.2]
	at org.junit.platform.engine.support.hierarchical.ThrowableCollector.execute(ThrowableCollector.java:73) ~[junit-platform-engine-1.8.2.jar:1.8.2]
	at org.junit.platform.engine.support.hierarchical.NodeTestTask.executeRecursively(NodeTestTask.java:138) ~[junit-platform-engine-1.8.2.jar:1.8.2]
	at org.junit.platform.engine.support.hierarchical.NodeTestTask.execute(NodeTestTask.java:95) ~[junit-platform-engine-1.8.2.jar:1.8.2]
	at org.junit.platform.engine.support.hierarchical.SameThreadHierarchicalTestExecutorService.submit(SameThreadHierarchicalTestExecutorService.java:35) ~[junit-platform-engine-1.8.2.jar:1.8.2]
	at org.junit.platform.engine.support.hierarchical.HierarchicalTestExecutor.execute(HierarchicalTestExecutor.java:57) ~[junit-platform-engine-1.8.2.jar:1.8.2]
	at org.junit.platform.engine.support.hierarchical.HierarchicalTestEngine.execute(HierarchicalTestEngine.java:54) ~[junit-platform-engine-1.8.2.jar:1.8.2]
	at org.junit.platform.launcher.core.EngineExecutionOrchestrator.execute(EngineExecutionOrchestrator.java:107) ~[junit-platform-launcher-1.8.2.jar:1.8.2]
	at org.junit.platform.launcher.core.EngineExecutionOrchestrator.execute(EngineExecutionOrchestrator.java:88) ~[junit-platform-launcher-1.8.2.jar:1.8.2]
	at org.junit.platform.launcher.core.EngineExecutionOrchestrator.lambda$execute$0(EngineExecutionOrchestrator.java:54) ~[junit-platform-launcher-1.8.2.jar:1.8.2]
	at org.junit.platform.launcher.core.EngineExecutionOrchestrator.withInterceptedStreams(EngineExecutionOrchestrator.java:67) ~[junit-platform-launcher-1.8.2.jar:1.8.2]
	at org.junit.platform.launcher.core.EngineExecutionOrchestrator.execute(EngineExecutionOrchestrator.java:52) ~[junit-platform-launcher-1.8.2.jar:1.8.2]
	at org.junit.platform.launcher.core.DefaultLauncher.execute(DefaultLauncher.java:114) ~[junit-platform-launcher-1.8.2.jar:1.8.2]
	at org.junit.platform.launcher.core.DefaultLauncher.execute(DefaultLauncher.java:86) ~[junit-platform-launcher-1.8.2.jar:1.8.2]
	at org.junit.platform.launcher.core.DefaultLauncherSession$DelegatingLauncher.execute(DefaultLauncherSession.java:86) ~[junit-platform-launcher-1.8.2.jar:1.8.2]
	at org.gradle.api.internal.tasks.testing.junitplatform.JUnitPlatformTestClassProcessor$CollectAllTestClassesExecutor.processAllTestClasses(JUnitPlatformTestClassProcessor.java:118) ~[na:na]
	at org.gradle.api.internal.tasks.testing.junitplatform.JUnitPlatformTestClassProcessor$CollectAllTestClassesExecutor.access$000(JUnitPlatformTestClassProcessor.java:93) ~[na:na]
	at org.gradle.api.internal.tasks.testing.junitplatform.JUnitPlatformTestClassProcessor.stop(JUnitPlatformTestClassProcessor.java:88) ~[na:na]
	at org.gradle.api.internal.tasks.testing.SuiteTestClassProcessor.stop(SuiteTestClassProcessor.java:62) ~[na:na]
	at java.base/jdk.internal.reflect.DirectMethodHandleAccessor.invoke(DirectMethodHandleAccessor.java:103) ~[na:na]
	at java.base/java.lang.reflect.Method.invoke(Method.java:580) ~[na:na]
	at org.gradle.internal.dispatch.ReflectionDispatch.dispatch(ReflectionDispatch.java:36) ~[na:na]
	at org.gradle.internal.dispatch.ReflectionDispatch.dispatch(ReflectionDispatch.java:24) ~[na:na]
	at org.gradle.internal.dispatch.ContextClassLoaderDispatch.dispatch(ContextClassLoaderDispatch.java:33) ~[na:na]
	at org.gradle.internal.dispatch.ProxyDispatchAdapter$DispatchingInvocationHandler.invoke(ProxyDispatchAdapter.java:94) ~[na:na]
	at jdk.proxy1/jdk.proxy1.$Proxy2.stop(Unknown Source) ~[na:na]
	at org.gradle.api.internal.tasks.testing.worker.TestWorker$3.run(TestWorker.java:193) ~[na:na]
	at org.gradle.api.internal.tasks.testing.worker.TestWorker.executeAndMaintainThreadName(TestWorker.java:129) ~[na:na]
	at org.gradle.api.internal.tasks.testing.worker.TestWorker.execute(TestWorker.java:100) ~[na:na]
	at org.gradle.api.internal.tasks.testing.worker.TestWorker.execute(TestWorker.java:60) ~[na:na]
	at org.gradle.process.internal.worker.child.ActionExecutionWorker.execute(ActionExecutionWorker.java:56) ~[na:na]
	at org.gradle.process.internal.worker.child.SystemApplicationClassLoaderWorker.call(SystemApplicationClassLoaderWorker.java:113) ~[na:na]
	at org.gradle.process.internal.worker.child.SystemApplicationClassLoaderWorker.call(SystemApplicationClassLoaderWorker.java:65) ~[na:na]
	at worker.org.gradle.process.internal.worker.GradleWorkerMain.run(GradleWorkerMain.java:69) ~[gradle-worker.jar:na]
	at worker.org.gradle.process.internal.worker.GradleWorkerMain.main(GradleWorkerMain.java:74) ~[gradle-worker.jar:na]
Caused by: org.springframework.beans.factory.UnsatisfiedDependencyException: Error creating bean with name 'dataSourceScriptDatabaseInitializer' defined in class path resource [org/springframework/boot/autoconfigure/sql/init/DataSourceInitializationConfiguration.class]: Unsatisfied dependency expressed through method 'dataSourceScriptDatabaseInitializer' parameter 0; nested exception is org.springframework.beans.factory.BeanCreationException: Error creating bean with name 'dataSource' defined in class path resource [org/springframework/boot/autoconfigure/jdbc/DataSourceConfiguration$Hikari.class]: Bean instantiation via factory method failed; nested exception is org.springframework.beans.BeanInstantiationException: Failed to instantiate [com.zaxxer.hikari.HikariDataSource]: Factory method 'dataSource' threw exception; nested exception is org.springframework.boot.autoconfigure.jdbc.DataSourceProperties$DataSourceBeanCreationException: Failed to determine a suitable driver class
	at org.springframework.beans.factory.support.ConstructorResolver.createArgumentArray(ConstructorResolver.java:800) ~[spring-beans-5.3.19.jar:5.3.19]
	at org.springframework.beans.factory.support.ConstructorResolver.instantiateUsingFactoryMethod(ConstructorResolver.java:541) ~[spring-beans-5.3.19.jar:5.3.19]
	at org.springframework.beans.factory.support.AbstractAutowireCapableBeanFactory.instantiateUsingFactoryMethod(AbstractAutowireCapableBeanFactory.java:1352) ~[spring-beans-5.3.19.jar:5.3.19]
	at org.springframework.beans.factory.support.AbstractAutowireCapableBeanFactory.createBeanInstance(AbstractAutowireCapableBeanFactory.java:1195) ~[spring-beans-5.3.19.jar:5.3.19]
	at org.springframework.beans.factory.support.AbstractAutowireCapableBeanFactory.doCreateBean(AbstractAutowireCapableBeanFactory.java:582) ~[spring-beans-5.3.19.jar:5.3.19]
	at org.springframework.beans.factory.support.AbstractAutowireCapableBeanFactory.createBean(AbstractAutowireCapableBeanFactory.java:542) ~[spring-beans-5.3.19.jar:5.3.19]
	at org.springframework.beans.factory.support.AbstractBeanFactory.lambda$doGetBean$0(AbstractBeanFactory.java:335) ~[spring-beans-5.3.19.jar:5.3.19]
	at org.springframework.beans.factory.support.DefaultSingletonBeanRegistry.getSingleton(DefaultSingletonBeanRegistry.java:234) ~[spring-beans-5.3.19.jar:5.3.19]
	at org.springframework.beans.factory.support.AbstractBeanFactory.doGetBean(AbstractBeanFactory.java:333) ~[spring-beans-5.3.19.jar:5.3.19]
	at org.springframework.beans.factory.support.AbstractBeanFactory.getBean(AbstractBeanFactory.java:208) ~[spring-beans-5.3.19.jar:5.3.19]
	at org.springframework.beans.factory.support.AbstractBeanFactory.doGetBean(AbstractBeanFactory.java:322) ~[spring-beans-5.3.19.jar:5.3.19]
	at org.springframework.beans.factory.support.AbstractBeanFactory.getBean(AbstractBeanFactory.java:208) ~[spring-beans-5.3.19.jar:5.3.19]
	at org.springframework.context.support.AbstractApplicationContext.getBean(AbstractApplicationContext.java:1154) ~[spring-context-5.3.19.jar:5.3.19]
	at org.springframework.context.support.AbstractApplicationContext.finishBeanFactoryInitialization(AbstractApplicationContext.java:908) ~[spring-context-5.3.19.jar:5.3.19]
	at org.springframework.context.support.AbstractApplicationContext.refresh(AbstractApplicationContext.java:583) ~[spring-context-5.3.19.jar:5.3.19]
	at org.springframework.boot.SpringApplication.refresh(SpringApplication.java:740) ~[spring-boot-2.6.7.jar:2.6.7]
	at org.springframework.boot.SpringApplication.refreshContext(SpringApplication.java:415) ~[spring-boot-2.6.7.jar:2.6.7]
	at org.springframework.boot.SpringApplication.run(SpringApplication.java:303) ~[spring-boot-2.6.7.jar:2.6.7]
	at org.springframework.boot.test.context.SpringBootContextLoader.loadContext(SpringBootContextLoader.java:144) ~[spring-boot-test-2.6.7.jar:2.6.7]
	at org.springframework.test.context.cache.DefaultCacheAwareContextLoaderDelegate.loadContextInternal(DefaultCacheAwareContextLoaderDelegate.java:99) ~[spring-test-5.3.19.jar:5.3.19]
	at org.springframework.test.context.cache.DefaultCacheAwareContextLoaderDelegate.loadContext(DefaultCacheAwareContextLoaderDelegate.java:124) ~[spring-test-5.3.19.jar:5.3.19]
	... 84 common frames omitted
Caused by: org.springframework.beans.factory.BeanCreationException: Error creating bean with name 'dataSource' defined in class path resource [org/springframework/boot/autoconfigure/jdbc/DataSourceConfiguration$Hikari.class]: Bean instantiation via factory method failed; nested exception is org.springframework.beans.BeanInstantiationException: Failed to instantiate [com.zaxxer.hikari.HikariDataSource]: Factory method 'dataSource' threw exception; nested exception is org.springframework.boot.autoconfigure.jdbc.DataSourceProperties$DataSourceBeanCreationException: Failed to determine a suitable driver class
	at org.springframework.beans.factory.support.ConstructorResolver.instantiate(ConstructorResolver.java:658) ~[spring-beans-5.3.19.jar:5.3.19]
	at org.springframework.beans.factory.support.ConstructorResolver.instantiateUsingFactoryMethod(ConstructorResolver.java:638) ~[spring-beans-5.3.19.jar:5.3.19]
	at org.springframework.beans.factory.support.AbstractAutowireCapableBeanFactory.instantiateUsingFactoryMethod(AbstractAutowireCapableBeanFactory.java:1352) ~[spring-beans-5.3.19.jar:5.3.19]
	at org.springframework.beans.factory.support.AbstractAutowireCapableBeanFactory.createBeanInstance(AbstractAutowireCapableBeanFactory.java:1195) ~[spring-beans-5.3.19.jar:5.3.19]
	at org.springframework.beans.factory.support.AbstractAutowireCapableBeanFactory.doCreateBean(AbstractAutowireCapableBeanFactory.java:582) ~[spring-beans-5.3.19.jar:5.3.19]
	at org.springframework.beans.factory.support.AbstractAutowireCapableBeanFactory.createBean(AbstractAutowireCapableBeanFactory.java:542) ~[spring-beans-5.3.19.jar:5.3.19]
	at org.springframework.beans.factory.support.AbstractBeanFactory.lambda$doGetBean$0(AbstractBeanFactory.java:335) ~[spring-beans-5.3.19.jar:5.3.19]
	at org.springframework.beans.factory.support.DefaultSingletonBeanRegistry.getSingleton(DefaultSingletonBeanRegistry.java:234) ~[spring-beans-5.3.19.jar:5.3.19]
	at org.springframework.beans.factory.support.AbstractBeanFactory.doGetBean(AbstractBeanFactory.java:333) ~[spring-beans-5.3.19.jar:5.3.19]
	at org.springframework.beans.factory.support.AbstractBeanFactory.getBean(AbstractBeanFactory.java:208) ~[spring-beans-5.3.19.jar:5.3.19]
	at org.springframework.beans.factory.config.DependencyDescriptor.resolveCandidate(DependencyDescriptor.java:276) ~[spring-beans-5.3.19.jar:5.3.19]
	at org.springframework.beans.factory.support.DefaultListableBeanFactory.doResolveDependency(DefaultListableBeanFactory.java:1389) ~[spring-beans-5.3.19.jar:5.3.19]
	at org.springframework.beans.factory.support.DefaultListableBeanFactory.resolveDependency(DefaultListableBeanFactory.java:1309) ~[spring-beans-5.3.19.jar:5.3.19]
	at org.springframework.beans.factory.support.ConstructorResolver.resolveAutowiredArgument(ConstructorResolver.java:887) ~[spring-beans-5.3.19.jar:5.3.19]
	at org.springframework.beans.factory.support.ConstructorResolver.createArgumentArray(ConstructorResolver.java:791) ~[spring-beans-5.3.19.jar:5.3.19]
	... 104 common frames omitted
Caused by: org.springframework.beans.BeanInstantiationException: Failed to instantiate [com.zaxxer.hikari.HikariDataSource]: Factory method 'dataSource' threw exception; nested exception is org.springframework.boot.autoconfigure.jdbc.DataSourceProperties$DataSourceBeanCreationException: Failed to determine a suitable driver class
	at org.springframework.beans.factory.support.SimpleInstantiationStrategy.instantiate(SimpleInstantiationStrategy.java:185) ~[spring-beans-5.3.19.jar:5.3.19]
	at org.springframework.beans.factory.support.ConstructorResolver.instantiate(ConstructorResolver.java:653) ~[spring-beans-5.3.19.jar:5.3.19]
	... 118 common frames omitted
Caused by: org.springframework.boot.autoconfigure.jdbc.DataSourceProperties$DataSourceBeanCreationException: Failed to determine a suitable driver class
	at org.springframework.boot.autoconfigure.jdbc.DataSourceProperties.determineDriverClassName(DataSourceProperties.java:252) ~[spring-boot-autoconfigure-2.6.7.jar:2.6.7]
	at org.springframework.boot.autoconfigure.jdbc.DataSourceProperties.initializeDataSourceBuilder(DataSourceProperties.java:193) ~[spring-boot-autoconfigure-2.6.7.jar:2.6.7]
	at org.springframework.boot.autoconfigure.jdbc.DataSourceConfiguration.createDataSource(DataSourceConfiguration.java:48) ~[spring-boot-autoconfigure-2.6.7.jar:2.6.7]
	at org.springframework.boot.autoconfigure.jdbc.DataSourceConfiguration$Hikari.dataSource(DataSourceConfiguration.java:90) ~[spring-boot-autoconfigure-2.6.7.jar:2.6.7]
	at java.base/jdk.internal.reflect.DirectMethodHandleAccessor.invoke(DirectMethodHandleAccessor.java:103) ~[na:na]
	at java.base/java.lang.reflect.Method.invoke(Method.java:580) ~[na:na]
	at org.springframework.beans.factory.support.SimpleInstantiationStrategy.instantiate(SimpleInstantiationStrategy.java:154) ~[spring-beans-5.3.19.jar:5.3.19]
	... 119 common frames omitted

2024-07-27 12:07:23.777 DEBUG 5516 --- [    Test worker] tractDirtiesContextTestExecutionListener : After test class: context [DefaultTestContext@33352f32 testClass = ScholarshipApplicationTests, testInstance = [null], testMethod = [null], testException = [null], mergedContextConfiguration = [WebMergedContextConfiguration@5f3b9c57 testClass = ScholarshipApplicationTests, locations = '{}', classes = '{class com.example.scholarship.ScholarshipApplication}', contextInitializerClasses = '[]', activeProfiles = '{}', propertySourceLocations = '{}', propertySourceProperties = '{org.springframework.boot.test.context.SpringBootTestContextBootstrapper=true}', contextCustomizers = set[org.springframework.boot.test.autoconfigure.actuate.metrics.MetricsExportContextCustomizerFactory$DisableMetricExportContextCustomizer@e19bb76, org.springframework.boot.test.autoconfigure.properties.PropertyMappingContextCustomizer@0, org.springframework.boot.test.autoconfigure.web.servlet.WebDriverContextCustomizerFactory$Customizer@79c7532f, org.springframework.boot.test.context.filter.ExcludeFilterContextCustomizer@e8df99a, org.springframework.boot.test.json.DuplicateJsonObjectContextCustomizerFactory$DuplicateJsonObjectContextCustomizer@517566b, org.springframework.boot.test.mock.mockito.MockitoContextCustomizer@0, org.springframework.boot.test.web.client.TestRestTemplateContextCustomizer@12c7a01b, org.springframework.boot.test.context.SpringBootTestArgs@1, org.springframework.boot.test.context.SpringBootTestWebEnvironment@a530d0a], resourceBasePath = 'src/main/webapp', contextLoader = 'org.springframework.boot.test.context.SpringBootContextLoader', parent = [null]], attributes = map['org.springframework.test.context.web.ServletTestExecutionListener.activateListener' -> true]], class annotated with @DirtiesContext [false] with mode [null].
]]></system-out>
  <system-err><![CDATA[]]></system-err>
</testsuite>
